<?xml version="1.0" encoding="UTF-8"?>
<coverage generated="1719062956066" clover="3.2.0">
  <project timestamp="1719062956066" name="All files">
    <metrics statements="342" coveredstatements="327" conditionals="70" coveredconditionals="66" methods="106" coveredmethods="97" elements="518" coveredelements="490" complexity="0" loc="342" ncloc="342" packages="17" files="32" classes="32"/>
    <package name="src">
      <metrics statements="4" coveredstatements="2" conditionals="2" coveredconditionals="1" methods="1" coveredmethods="0"/>
      <file name="main.ts" path="C:\Users\hakim-pc\Desktop\Testez-une-application-full-stack\front\src\main.ts">
        <metrics statements="4" coveredstatements="2" conditionals="2" coveredconditionals="1" methods="1" coveredmethods="0"/>
        <line num="7" count="21" type="cond" truecount="1" falsecount="1"/>
        <line num="8" count="0" type="stmt"/>
        <line num="11" count="21" type="stmt"/>
        <line num="12" count="0" type="stmt"/>
      </file>
    </package>
    <package name="src.app">
      <metrics statements="27" coveredstatements="27" conditionals="6" coveredconditionals="6" methods="11" coveredmethods="11"/>
      <file name="app-routing.module.ts" path="C:\Users\hakim-pc\Desktop\Testez-une-application-full-stack\front\src\app\app-routing.module.ts">
        <metrics statements="4" coveredstatements="4" conditionals="2" coveredconditionals="2" methods="5" coveredmethods="5"/>
        <line num="8" count="21" type="stmt"/>
        <line num="12" count="21" type="stmt"/>
        <line num="17" count="17" type="stmt"/>
        <line num="32" count="42" type="cond" truecount="2" falsecount="0"/>
      </file>
      <file name="app.component.html" path="C:\Users\hakim-pc\Desktop\Testez-une-application-full-stack\front\src\app\app.component.html">
        <metrics statements="14" coveredstatements="14" conditionals="0" coveredconditionals="0" methods="1" coveredmethods="1"/>
        <line num="1" count="21" type="stmt"/>
        <line num="3" count="21" type="stmt"/>
        <line num="4" count="3126" type="stmt"/>
        <line num="5" count="17" type="stmt"/>
        <line num="6" count="17" type="stmt"/>
        <line num="7" count="26" type="stmt"/>
        <line num="9" count="21" type="stmt"/>
        <line num="10" count="24" type="stmt"/>
        <line num="11" count="24" type="stmt"/>
        <line num="12" count="24" type="stmt"/>
        <line num="15" count="21" type="stmt"/>
        <line num="16" count="21" type="stmt"/>
        <line num="17" count="21" type="stmt"/>
        <line num="18" count="21" type="stmt"/>
      </file>
      <file name="app.component.ts" path="C:\Users\hakim-pc\Desktop\Testez-une-application-full-stack\front\src\app\app.component.ts">
        <metrics statements="7" coveredstatements="7" conditionals="2" coveredconditionals="2" methods="4" coveredmethods="4"/>
        <line num="13" count="42" type="cond" truecount="2" falsecount="0"/>
        <line num="15" count="21" type="stmt"/>
        <line num="16" count="21" type="stmt"/>
        <line num="17" count="21" type="stmt"/>
        <line num="21" count="1563" type="stmt"/>
        <line num="25" count="3" type="stmt"/>
        <line num="26" count="3" type="stmt"/>
      </file>
      <file name="app.module.ts" path="C:\Users\hakim-pc\Desktop\Testez-une-application-full-stack\front\src\app\app.module.ts">
        <metrics statements="2" coveredstatements="2" conditionals="2" coveredconditionals="2" methods="1" coveredmethods="1"/>
        <line num="18" count="21" type="stmt"/>
        <line num="45" count="42" type="cond" truecount="2" falsecount="0"/>
      </file>
    </package>
    <package name="src.app.components.me">
      <metrics statements="30" coveredstatements="26" conditionals="2" coveredconditionals="2" methods="9" coveredmethods="6"/>
      <file name="me.component.html" path="C:\Users\hakim-pc\Desktop\Testez-une-application-full-stack\front\src\app\components\me\me.component.html">
        <metrics statements="18" coveredstatements="18" conditionals="0" coveredconditionals="0" methods="2" coveredmethods="1"/>
        <line num="1" count="6" type="stmt"/>
        <line num="5" count="12" type="stmt"/>
        <line num="6" count="6" type="stmt"/>
        <line num="8" count="6" type="stmt"/>
        <line num="11" count="6" type="stmt"/>
        <line num="12" count="100" type="stmt"/>
        <line num="13" count="46" type="stmt"/>
        <line num="14" count="46" type="stmt"/>
        <line num="15" count="40" type="stmt"/>
        <line num="16" count="40" type="stmt"/>
        <line num="17" count="6" type="stmt"/>
        <line num="18" count="6" type="stmt"/>
        <line num="19" count="6" type="stmt"/>
        <line num="20" count="6" type="stmt"/>
        <line num="23" count="6" type="stmt"/>
        <line num="25" count="46" type="stmt"/>
        <line num="26" count="46" type="stmt"/>
        <line num="29" count="6" type="stmt"/>
      </file>
      <file name="me.component.ts" path="C:\Users\hakim-pc\Desktop\Testez-une-application-full-stack\front\src\app\components\me\me.component.ts">
        <metrics statements="12" coveredstatements="8" conditionals="2" coveredconditionals="2" methods="7" coveredmethods="5"/>
        <line num="13" count="42" type="cond" truecount="2" falsecount="0"/>
        <line num="17" count="6" type="stmt"/>
        <line num="18" count="6" type="stmt"/>
        <line num="19" count="6" type="stmt"/>
        <line num="20" count="6" type="stmt"/>
        <line num="24" count="6" type="stmt"/>
        <line num="26" count="6" type="stmt"/>
        <line num="30" count="6" type="stmt"/>
        <line num="34" count="0" type="stmt"/>
        <line num="37" count="0" type="stmt"/>
        <line num="38" count="0" type="stmt"/>
        <line num="39" count="0" type="stmt"/>
      </file>
    </package>
    <package name="src.app.components.not-found">
      <metrics statements="3" coveredstatements="3" conditionals="2" coveredconditionals="2" methods="1" coveredmethods="1"/>
      <file name="not-found.component.html" path="C:\Users\hakim-pc\Desktop\Testez-une-application-full-stack\front\src\app\components\not-found\not-found.component.html">
        <metrics statements="2" coveredstatements="2" conditionals="0" coveredconditionals="0" methods="0" coveredmethods="0"/>
        <line num="1" count="2" type="stmt"/>
        <line num="2" count="2" type="stmt"/>
      </file>
      <file name="not-found.component.ts" path="C:\Users\hakim-pc\Desktop\Testez-une-application-full-stack\front\src\app\components\not-found\not-found.component.ts">
        <metrics statements="1" coveredstatements="1" conditionals="2" coveredconditionals="2" methods="1" coveredmethods="1"/>
        <line num="8" count="42" type="cond" truecount="2" falsecount="0"/>
      </file>
    </package>
    <package name="src.app.features.auth">
      <metrics statements="4" coveredstatements="4" conditionals="4" coveredconditionals="4" methods="2" coveredmethods="2"/>
      <file name="auth-routing.module.ts" path="C:\Users\hakim-pc\Desktop\Testez-une-application-full-stack\front\src\app\features\auth\auth-routing.module.ts">
        <metrics statements="2" coveredstatements="2" conditionals="2" coveredconditionals="2" methods="1" coveredmethods="1"/>
        <line num="7" count="21" type="stmt"/>
        <line num="16" count="42" type="cond" truecount="2" falsecount="0"/>
      </file>
      <file name="auth.module.ts" path="C:\Users\hakim-pc\Desktop\Testez-une-application-full-stack\front\src\app\features\auth\auth.module.ts">
        <metrics statements="2" coveredstatements="2" conditionals="2" coveredconditionals="2" methods="1" coveredmethods="1"/>
        <line num="14" count="21" type="stmt"/>
        <line num="36" count="42" type="cond" truecount="2" falsecount="0"/>
      </file>
    </package>
    <package name="src.app.features.auth.components.login">
      <metrics statements="26" coveredstatements="25" conditionals="6" coveredconditionals="6" methods="7" coveredmethods="6"/>
      <file name="login.component.html" path="C:\Users\hakim-pc\Desktop\Testez-une-application-full-stack\front\src\app\features\auth\components\login\login.component.html">
        <metrics statements="13" coveredstatements="13" conditionals="4" coveredconditionals="4" methods="2" coveredmethods="2"/>
        <line num="1" count="19" type="stmt"/>
        <line num="4" count="19" type="stmt"/>
        <line num="6" count="1436" type="stmt"/>
        <line num="7" count="19" type="stmt"/>
        <line num="9" count="19" type="stmt"/>
        <line num="10" count="19" type="stmt"/>
        <line num="11" count="19" type="stmt"/>
        <line num="12" count="1436" type="cond" truecount="2" falsecount="0"/>
        <line num="14" count="1436" type="stmt"/>
        <line num="16" count="1455" type="cond" truecount="2" falsecount="0"/>
        <line num="20" count="1436" type="stmt"/>
        <line num="21" count="1436" type="stmt"/>
        <line num="22" count="19" type="stmt"/>
      </file>
      <file name="login.component.ts" path="C:\Users\hakim-pc\Desktop\Testez-une-application-full-stack\front\src\app\features\auth\components\login\login.component.ts">
        <metrics statements="13" coveredstatements="12" conditionals="2" coveredconditionals="2" methods="5" coveredmethods="4"/>
        <line num="14" count="42" type="cond" truecount="2" falsecount="0"/>
        <line num="15" count="19" type="stmt"/>
        <line num="16" count="19" type="stmt"/>
        <line num="18" count="19" type="stmt"/>
        <line num="35" count="19" type="stmt"/>
        <line num="36" count="19" type="stmt"/>
        <line num="37" count="19" type="stmt"/>
        <line num="38" count="19" type="stmt"/>
        <line num="42" count="17" type="stmt"/>
        <line num="43" count="17" type="stmt"/>
        <line num="45" count="17" type="stmt"/>
        <line num="46" count="17" type="stmt"/>
        <line num="48" count="0" type="stmt"/>
      </file>
    </package>
    <package name="src.app.features.auth.components.register">
      <metrics statements="28" coveredstatements="27" conditionals="2" coveredconditionals="2" methods="6" coveredmethods="5"/>
      <file name="register.component.html" path="C:\Users\hakim-pc\Desktop\Testez-une-application-full-stack\front\src\app\features\auth\components\register\register.component.html">
        <metrics statements="18" coveredstatements="18" conditionals="0" coveredconditionals="0" methods="1" coveredmethods="1"/>
        <line num="1" count="2" type="stmt"/>
        <line num="4" count="2" type="stmt"/>
        <line num="6" count="200" type="stmt"/>
        <line num="7" count="2" type="stmt"/>
        <line num="9" count="2" type="stmt"/>
        <line num="10" count="2" type="stmt"/>
        <line num="11" count="2" type="stmt"/>
        <line num="12" count="2" type="stmt"/>
        <line num="13" count="2" type="stmt"/>
        <line num="14" count="2" type="stmt"/>
        <line num="15" count="2" type="stmt"/>
        <line num="16" count="2" type="stmt"/>
        <line num="17" count="2" type="stmt"/>
        <line num="18" count="2" type="stmt"/>
        <line num="19" count="2" type="stmt"/>
        <line num="21" count="200" type="stmt"/>
        <line num="22" count="200" type="stmt"/>
        <line num="23" count="2" type="stmt"/>
      </file>
      <file name="register.component.ts" path="C:\Users\hakim-pc\Desktop\Testez-une-application-full-stack\front\src\app\features\auth\components\register\register.component.ts">
        <metrics statements="10" coveredstatements="9" conditionals="2" coveredconditionals="2" methods="5" coveredmethods="4"/>
        <line num="12" count="42" type="cond" truecount="2" falsecount="0"/>
        <line num="14" count="2" type="stmt"/>
        <line num="16" count="2" type="stmt"/>
        <line num="50" count="2" type="stmt"/>
        <line num="51" count="2" type="stmt"/>
        <line num="52" count="2" type="stmt"/>
        <line num="56" count="2" type="stmt"/>
        <line num="57" count="2" type="stmt"/>
        <line num="58" count="2" type="stmt"/>
        <line num="59" count="0" type="stmt"/>
      </file>
    </package>
    <package name="src.app.features.auth.services">
      <metrics statements="5" coveredstatements="5" conditionals="2" coveredconditionals="2" methods="4" coveredmethods="4"/>
      <file name="auth.service.ts" path="C:\Users\hakim-pc\Desktop\Testez-une-application-full-stack\front\src\app\features\auth\services\auth.service.ts">
        <metrics statements="5" coveredstatements="5" conditionals="2" coveredconditionals="2" methods="4" coveredmethods="4"/>
        <line num="11" count="42" type="cond" truecount="2" falsecount="0"/>
        <line num="13" count="21" type="stmt"/>
        <line num="15" count="21" type="stmt"/>
        <line num="18" count="2" type="stmt"/>
        <line num="22" count="17" type="stmt"/>
      </file>
    </package>
    <package name="src.app.features.sessions">
      <metrics statements="5" coveredstatements="5" conditionals="4" coveredconditionals="4" methods="2" coveredmethods="2"/>
      <file name="sessions-routing.module.ts" path="C:\Users\hakim-pc\Desktop\Testez-une-application-full-stack\front\src\app\features\sessions\sessions-routing.module.ts">
        <metrics statements="2" coveredstatements="2" conditionals="2" coveredconditionals="2" methods="1" coveredmethods="1"/>
        <line num="7" count="17" type="stmt"/>
        <line num="18" count="34" type="cond" truecount="2" falsecount="0"/>
      </file>
      <file name="sessions.module.ts" path="C:\Users\hakim-pc\Desktop\Testez-une-application-full-stack\front\src\app\features\sessions\sessions.module.ts">
        <metrics statements="3" coveredstatements="3" conditionals="2" coveredconditionals="2" methods="1" coveredmethods="1"/>
        <line num="17" count="17" type="stmt"/>
        <line num="19" count="17" type="stmt"/>
        <line num="43" count="34" type="cond" truecount="2" falsecount="0"/>
      </file>
    </package>
    <package name="src.app.features.sessions.components.detail">
      <metrics statements="67" coveredstatements="66" conditionals="2" coveredconditionals="2" methods="18" coveredmethods="16"/>
      <file name="detail.component.html" path="C:\Users\hakim-pc\Desktop\Testez-une-application-full-stack\front\src\app\features\sessions\components\detail\detail.component.html">
        <metrics statements="42" coveredstatements="42" conditionals="0" coveredconditionals="0" methods="4" coveredmethods="3"/>
        <line num="1" count="6" type="stmt"/>
        <line num="2" count="322" type="stmt"/>
        <line num="6" count="6" type="stmt"/>
        <line num="7" count="6" type="stmt"/>
        <line num="9" count="268" type="stmt"/>
        <line num="11" count="6" type="stmt"/>
        <line num="12" count="262" type="stmt"/>
        <line num="13" count="2" type="stmt"/>
        <line num="14" count="2" type="stmt"/>
        <line num="16" count="262" type="stmt"/>
        <line num="17" count="206" type="stmt"/>
        <line num="18" count="6" type="stmt"/>
        <line num="19" count="6" type="stmt"/>
        <line num="21" count="206" type="stmt"/>
        <line num="22" count="3" type="stmt"/>
        <line num="23" count="3" type="stmt"/>
        <line num="26" count="4" type="stmt"/>
        <line num="29" count="6" type="stmt"/>
        <line num="32" count="262" type="stmt"/>
        <line num="35" count="3" type="stmt"/>
        <line num="36" count="3" type="stmt"/>
        <line num="37" count="75" type="stmt"/>
        <line num="40" count="6" type="stmt"/>
        <line num="41" count="6" type="stmt"/>
        <line num="42" count="6" type="stmt"/>
        <line num="43" count="6" type="stmt"/>
        <line num="47" count="6" type="stmt"/>
        <line num="48" count="6" type="stmt"/>
        <line num="49" count="268" type="stmt"/>
        <line num="51" count="6" type="stmt"/>
        <line num="53" count="6" type="stmt"/>
        <line num="54" count="6" type="stmt"/>
        <line num="55" count="268" type="stmt"/>
        <line num="58" count="6" type="stmt"/>
        <line num="59" count="6" type="stmt"/>
        <line num="60" count="268" type="stmt"/>
        <line num="61" count="6" type="stmt"/>
        <line num="62" count="6" type="stmt"/>
        <line num="63" count="6" type="stmt"/>
        <line num="64" count="268" type="stmt"/>
        <line num="65" count="268" type="stmt"/>
        <line num="69" count="6" type="stmt"/>
      </file>
      <file name="detail.component.ts" path="C:\Users\hakim-pc\Desktop\Testez-une-application-full-stack\front\src\app\features\sessions\components\detail\detail.component.ts">
        <metrics statements="25" coveredstatements="24" conditionals="2" coveredconditionals="2" methods="14" coveredmethods="13"/>
        <line num="16" count="34" type="cond" truecount="2" falsecount="0"/>
        <line num="20" count="6" type="stmt"/>
        <line num="21" count="6" type="stmt"/>
        <line num="27" count="6" type="stmt"/>
        <line num="28" count="6" type="stmt"/>
        <line num="29" count="6" type="stmt"/>
        <line num="30" count="6" type="stmt"/>
        <line num="31" count="6" type="stmt"/>
        <line num="32" count="6" type="stmt"/>
        <line num="33" count="6" type="stmt"/>
        <line num="34" count="6" type="stmt"/>
        <line num="35" count="6" type="stmt"/>
        <line num="36" count="6" type="stmt"/>
        <line num="40" count="6" type="stmt"/>
        <line num="44" count="0" type="stmt"/>
        <line num="48" count="2" type="stmt"/>
        <line num="51" count="2" type="stmt"/>
        <line num="52" count="2" type="stmt"/>
        <line num="58" count="3" type="stmt"/>
        <line num="62" count="2" type="stmt"/>
        <line num="66" count="11" type="stmt"/>
        <line num="69" count="11" type="stmt"/>
        <line num="70" count="11" type="stmt"/>
        <line num="71" count="11" type="stmt"/>
        <line num="73" count="3" type="stmt"/>
      </file>
    </package>
    <package name="src.app.features.sessions.components.form">
      <metrics statements="59" coveredstatements="58" conditionals="16" coveredconditionals="15" methods="10" coveredmethods="10"/>
      <file name="form.component.html" path="C:\Users\hakim-pc\Desktop\Testez-une-application-full-stack\front\src\app\features\sessions\components\form\form.component.html">
        <metrics statements="31" coveredstatements="31" conditionals="0" coveredconditionals="0" methods="1" coveredmethods="1"/>
        <line num="1" count="4" type="stmt"/>
        <line num="6" count="4" type="stmt"/>
        <line num="8" count="448" type="stmt"/>
        <line num="9" count="448" type="stmt"/>
        <line num="10" count="4" type="stmt"/>
        <line num="12" count="448" type="stmt"/>
        <line num="13" count="428" type="stmt"/>
        <line num="14" count="4" type="stmt"/>
        <line num="15" count="4" type="stmt"/>
        <line num="16" count="4" type="stmt"/>
        <line num="17" count="4" type="stmt"/>
        <line num="18" count="4" type="stmt"/>
        <line num="19" count="4" type="stmt"/>
        <line num="20" count="4" type="stmt"/>
        <line num="21" count="4" type="stmt"/>
        <line num="22" count="4" type="stmt"/>
        <line num="23" count="4" type="stmt"/>
        <line num="24" count="4" type="stmt"/>
        <line num="25" count="428" type="stmt"/>
        <line num="26" count="760" type="stmt"/>
        <line num="27" count="8" type="stmt"/>
        <line num="28" count="4" type="stmt"/>
        <line num="30" count="4" type="stmt"/>
        <line num="31" count="4" type="stmt"/>
        <line num="32" count="4" type="stmt"/>
        <line num="33" count="4" type="stmt"/>
        <line num="34" count="4" type="stmt"/>
        <line num="35" count="428" type="stmt"/>
        <line num="36" count="4" type="stmt"/>
        <line num="37" count="4" type="stmt"/>
        <line num="41" count="4" type="stmt"/>
      </file>
      <file name="form.component.ts" path="C:\Users\hakim-pc\Desktop\Testez-une-application-full-stack\front\src\app\features\sessions\components\form\form.component.ts">
        <metrics statements="28" coveredstatements="27" conditionals="16" coveredconditionals="15" methods="9" coveredmethods="9"/>
        <line num="15" count="34" type="cond" truecount="2" falsecount="0"/>
        <line num="17" count="4" type="stmt"/>
        <line num="19" count="4" type="stmt"/>
        <line num="23" count="4" type="stmt"/>
        <line num="24" count="4" type="stmt"/>
        <line num="25" count="4" type="stmt"/>
        <line num="26" count="4" type="stmt"/>
        <line num="27" count="4" type="stmt"/>
        <line num="28" count="4" type="stmt"/>
        <line num="29" count="4" type="stmt"/>
        <line num="34" count="4" type="cond" truecount="1" falsecount="1"/>
        <line num="35" count="0" type="stmt"/>
        <line num="37" count="4" type="stmt"/>
        <line num="38" count="4" type="cond" truecount="2" falsecount="0"/>
        <line num="39" count="2" type="stmt"/>
        <line num="40" count="2" type="stmt"/>
        <line num="41" count="2" type="stmt"/>
        <line num="43" count="2" type="stmt"/>
        <line num="45" count="2" type="stmt"/>
        <line num="50" count="4" type="stmt"/>
        <line num="52" count="4" type="cond" truecount="2" falsecount="0"/>
        <line num="53" count="2" type="stmt"/>
        <line num="55" count="2" type="stmt"/>
        <line num="57" count="2" type="stmt"/>
        <line num="59" count="2" type="stmt"/>
        <line num="64" count="4" type="stmt"/>
        <line num="88" count="4" type="stmt"/>
        <line num="89" count="4" type="stmt"/>
      </file>
    </package>
    <package name="src.app.features.sessions.components.list">
      <metrics statements="33" coveredstatements="33" conditionals="2" coveredconditionals="2" methods="3" coveredmethods="3"/>
      <file name="list.component.html" path="C:\Users\hakim-pc\Desktop\Testez-une-application-full-stack\front\src\app\features\sessions\components\list\list.component.html">
        <metrics statements="28" coveredstatements="28" conditionals="0" coveredconditionals="0" methods="0" coveredmethods="0"/>
        <line num="1" count="29" type="stmt"/>
        <line num="4" count="29" type="stmt"/>
        <line num="5" count="438" type="stmt"/>
        <line num="6" count="20" type="stmt"/>
        <line num="7" count="20" type="stmt"/>
        <line num="9" count="29" type="stmt"/>
        <line num="10" count="29" type="stmt"/>
        <line num="11" count="438" type="stmt"/>
        <line num="13" count="126" type="stmt"/>
        <line num="14" count="26" type="stmt"/>
        <line num="15" count="126" type="stmt"/>
        <line num="16" count="26" type="stmt"/>
        <line num="18" count="26" type="stmt"/>
        <line num="19" count="26" type="stmt"/>
        <line num="20" count="26" type="stmt"/>
        <line num="21" count="26" type="stmt"/>
        <line num="23" count="126" type="stmt"/>
        <line num="24" count="26" type="stmt"/>
        <line num="26" count="26" type="stmt"/>
        <line num="27" count="100" type="stmt"/>
        <line num="28" count="26" type="stmt"/>
        <line num="29" count="26" type="stmt"/>
        <line num="31" count="100" type="stmt"/>
        <line num="32" count="36" type="stmt"/>
        <line num="33" count="17" type="stmt"/>
        <line num="34" count="17" type="stmt"/>
        <line num="36" count="26" type="stmt"/>
        <line num="38" count="29" type="stmt"/>
      </file>
      <file name="list.component.ts" path="C:\Users\hakim-pc\Desktop\Testez-une-application-full-stack\front\src\app\features\sessions\components\list\list.component.ts">
        <metrics statements="5" coveredstatements="5" conditionals="2" coveredconditionals="2" methods="3" coveredmethods="3"/>
        <line num="13" count="34" type="cond" truecount="2" falsecount="0"/>
        <line num="15" count="29" type="stmt"/>
        <line num="18" count="29" type="stmt"/>
        <line num="19" count="29" type="stmt"/>
        <line num="23" count="269" type="stmt"/>
      </file>
    </package>
    <package name="src.app.features.sessions.services">
      <metrics statements="10" coveredstatements="10" conditionals="2" coveredconditionals="2" methods="9" coveredmethods="9"/>
      <file name="session-api.service.ts" path="C:\Users\hakim-pc\Desktop\Testez-une-application-full-stack\front\src\app\features\sessions\services\session-api.service.ts">
        <metrics statements="10" coveredstatements="10" conditionals="2" coveredconditionals="2" methods="9" coveredmethods="9"/>
        <line num="9" count="34" type="cond" truecount="2" falsecount="0"/>
        <line num="11" count="17" type="stmt"/>
        <line num="13" count="17" type="stmt"/>
        <line num="17" count="29" type="stmt"/>
        <line num="21" count="13" type="stmt"/>
        <line num="25" count="2" type="stmt"/>
        <line num="29" count="2" type="stmt"/>
        <line num="33" count="2" type="stmt"/>
        <line num="37" count="3" type="stmt"/>
        <line num="41" count="2" type="stmt"/>
      </file>
    </package>
    <package name="src.app.guards">
      <metrics statements="14" coveredstatements="10" conditionals="8" coveredconditionals="6" methods="6" coveredmethods="6"/>
      <file name="auth.guard.ts" path="C:\Users\hakim-pc\Desktop\Testez-une-application-full-stack\front\src\app\guards\auth.guard.ts">
        <metrics statements="7" coveredstatements="5" conditionals="4" coveredconditionals="3" methods="3" coveredmethods="3"/>
        <line num="6" count="42" type="cond" truecount="2" falsecount="0"/>
        <line num="9" count="17" type="stmt"/>
        <line num="10" count="17" type="stmt"/>
        <line num="15" count="29" type="cond" truecount="1" falsecount="1"/>
        <line num="16" count="0" type="stmt"/>
        <line num="17" count="0" type="stmt"/>
        <line num="19" count="29" type="stmt"/>
      </file>
      <file name="unauth.guard.ts" path="C:\Users\hakim-pc\Desktop\Testez-une-application-full-stack\front\src\app\guards\unauth.guard.ts">
        <metrics statements="7" coveredstatements="5" conditionals="4" coveredconditionals="3" methods="3" coveredmethods="3"/>
        <line num="6" count="42" type="cond" truecount="2" falsecount="0"/>
        <line num="9" count="19" type="stmt"/>
        <line num="10" count="19" type="stmt"/>
        <line num="15" count="22" type="cond" truecount="1" falsecount="1"/>
        <line num="16" count="0" type="stmt"/>
        <line num="17" count="0" type="stmt"/>
        <line num="19" count="22" type="stmt"/>
      </file>
    </package>
    <package name="src.app.interceptors">
      <metrics statements="5" coveredstatements="5" conditionals="4" coveredconditionals="4" methods="3" coveredmethods="3"/>
      <file name="jwt.interceptor.ts" path="C:\Users\hakim-pc\Desktop\Testez-une-application-full-stack\front\src\app\interceptors\jwt.interceptor.ts">
        <metrics statements="5" coveredstatements="5" conditionals="4" coveredconditionals="4" methods="3" coveredmethods="3"/>
        <line num="6" count="42" type="cond" truecount="2" falsecount="0"/>
        <line num="7" count="19" type="stmt"/>
        <line num="10" count="93" type="cond" truecount="2" falsecount="0"/>
        <line num="11" count="74" type="stmt"/>
        <line num="17" count="93" type="stmt"/>
      </file>
    </package>
    <package name="src.app.services">
      <metrics statements="21" coveredstatements="20" conditionals="6" coveredconditionals="6" methods="14" coveredmethods="13"/>
      <file name="session.service.ts" path="C:\Users\hakim-pc\Desktop\Testez-une-application-full-stack\front\src\app\services\session.service.ts">
        <metrics statements="11" coveredstatements="11" conditionals="2" coveredconditionals="2" methods="6" coveredmethods="6"/>
        <line num="8" count="42" type="cond" truecount="2" falsecount="0"/>
        <line num="10" count="21" type="stmt"/>
        <line num="13" count="21" type="stmt"/>
        <line num="16" count="1563" type="stmt"/>
        <line num="20" count="17" type="stmt"/>
        <line num="21" count="17" type="stmt"/>
        <line num="22" count="17" type="stmt"/>
        <line num="26" count="3" type="stmt"/>
        <line num="27" count="3" type="stmt"/>
        <line num="28" count="3" type="stmt"/>
        <line num="32" count="20" type="stmt"/>
      </file>
      <file name="teacher.service.ts" path="C:\Users\hakim-pc\Desktop\Testez-une-application-full-stack\front\src\app\services\teacher.service.ts">
        <metrics statements="5" coveredstatements="5" conditionals="2" coveredconditionals="2" methods="4" coveredmethods="4"/>
        <line num="9" count="34" type="cond" truecount="2" falsecount="0"/>
        <line num="11" count="10" type="stmt"/>
        <line num="13" count="10" type="stmt"/>
        <line num="16" count="4" type="stmt"/>
        <line num="20" count="11" type="stmt"/>
      </file>
      <file name="user.service.ts" path="C:\Users\hakim-pc\Desktop\Testez-une-application-full-stack\front\src\app\services\user.service.ts">
        <metrics statements="5" coveredstatements="4" conditionals="2" coveredconditionals="2" methods="4" coveredmethods="3"/>
        <line num="9" count="42" type="cond" truecount="2" falsecount="0"/>
        <line num="11" count="6" type="stmt"/>
        <line num="13" count="6" type="stmt"/>
        <line num="16" count="6" type="stmt"/>
        <line num="20" count="0" type="stmt"/>
      </file>
    </package>
    <package name="src.environments">
      <metrics statements="1" coveredstatements="1" conditionals="0" coveredconditionals="0" methods="0" coveredmethods="0"/>
      <file name="environment.ts" path="C:\Users\hakim-pc\Desktop\Testez-une-application-full-stack\front\src\environments\environment.ts">
        <metrics statements="1" coveredstatements="1" conditionals="0" coveredconditionals="0" methods="0" coveredmethods="0"/>
        <line num="1" count="21" type="stmt"/>
      </file>
    </package>
  </project>
</coverage>
