{"total": {"lines":{"total":342,"covered":327,"skipped":0,"pct":95.61},"statements":{"total":497,"covered":476,"skipped":0,"pct":95.77},"functions":{"total":106,"covered":97,"skipped":0,"pct":91.5},"branches":{"total":70,"covered":66,"skipped":0,"pct":94.28},"branchesTrue":{"total":0,"covered":0,"skipped":0,"pct":100}}
,"C:\\Users\\hakim-pc\\Desktop\\Testez-une-application-full-stack\\front\\src\\main.ts": {"lines":{"total":4,"covered":2,"skipped":0,"pct":50},"functions":{"total":1,"covered":0,"skipped":0,"pct":0},"statements":{"total":4,"covered":2,"skipped":0,"pct":50},"branches":{"total":2,"covered":1,"skipped":0,"pct":50}}
,"C:\\Users\\hakim-pc\\Desktop\\Testez-une-application-full-stack\\front\\src\\app\\app-routing.module.ts": {"lines":{"total":4,"covered":4,"skipped":0,"pct":100},"functions":{"total":5,"covered":5,"skipped":0,"pct":100},"statements":{"total":7,"covered":7,"skipped":0,"pct":100},"branches":{"total":2,"covered":2,"skipped":0,"pct":100}}
,"C:\\Users\\hakim-pc\\Desktop\\Testez-une-application-full-stack\\front\\src\\app\\app.component.html": {"lines":{"total":14,"covered":14,"skipped":0,"pct":100},"functions":{"total":1,"covered":1,"skipped":0,"pct":100},"statements":{"total":25,"covered":25,"skipped":0,"pct":100},"branches":{"total":0,"covered":0,"skipped":0,"pct":100}}
,"C:\\Users\\hakim-pc\\Desktop\\Testez-une-application-full-stack\\front\\src\\app\\app.component.ts": {"lines":{"total":7,"covered":7,"skipped":0,"pct":100},"functions":{"total":4,"covered":4,"skipped":0,"pct":100},"statements":{"total":8,"covered":8,"skipped":0,"pct":100},"branches":{"total":2,"covered":2,"skipped":0,"pct":100}}
,"C:\\Users\\hakim-pc\\Desktop\\Testez-une-application-full-stack\\front\\src\\app\\app.module.ts": {"lines":{"total":2,"covered":2,"skipped":0,"pct":100},"functions":{"total":1,"covered":1,"skipped":0,"pct":100},"statements":{"total":3,"covered":3,"skipped":0,"pct":100},"branches":{"total":2,"covered":2,"skipped":0,"pct":100}}
,"C:\\Users\\hakim-pc\\Desktop\\Testez-une-application-full-stack\\front\\src\\app\\components\\me\\me.component.html": {"lines":{"total":18,"covered":18,"skipped":0,"pct":100},"functions":{"total":2,"covered":1,"skipped":0,"pct":50},"statements":{"total":43,"covered":41,"skipped":0,"pct":95.34},"branches":{"total":0,"covered":0,"skipped":0,"pct":100}}
,"C:\\Users\\hakim-pc\\Desktop\\Testez-une-application-full-stack\\front\\src\\app\\components\\me\\me.component.ts": {"lines":{"total":12,"covered":8,"skipped":0,"pct":66.66},"functions":{"total":7,"covered":5,"skipped":0,"pct":71.42},"statements":{"total":13,"covered":9,"skipped":0,"pct":69.23},"branches":{"total":2,"covered":2,"skipped":0,"pct":100}}
,"C:\\Users\\hakim-pc\\Desktop\\Testez-une-application-full-stack\\front\\src\\app\\components\\not-found\\not-found.component.html": {"lines":{"total":2,"covered":2,"skipped":0,"pct":100},"functions":{"total":0,"covered":0,"skipped":0,"pct":100},"statements":{"total":3,"covered":3,"skipped":0,"pct":100},"branches":{"total":0,"covered":0,"skipped":0,"pct":100}}
,"C:\\Users\\hakim-pc\\Desktop\\Testez-une-application-full-stack\\front\\src\\app\\components\\not-found\\not-found.component.ts": {"lines":{"total":1,"covered":1,"skipped":0,"pct":100},"functions":{"total":1,"covered":1,"skipped":0,"pct":100},"statements":{"total":2,"covered":2,"skipped":0,"pct":100},"branches":{"total":2,"covered":2,"skipped":0,"pct":100}}
,"C:\\Users\\hakim-pc\\Desktop\\Testez-une-application-full-stack\\front\\src\\app\\features\\auth\\auth-routing.module.ts": {"lines":{"total":2,"covered":2,"skipped":0,"pct":100},"functions":{"total":1,"covered":1,"skipped":0,"pct":100},"statements":{"total":3,"covered":3,"skipped":0,"pct":100},"branches":{"total":2,"covered":2,"skipped":0,"pct":100}}
,"C:\\Users\\hakim-pc\\Desktop\\Testez-une-application-full-stack\\front\\src\\app\\features\\auth\\auth.module.ts": {"lines":{"total":2,"covered":2,"skipped":0,"pct":100},"functions":{"total":1,"covered":1,"skipped":0,"pct":100},"statements":{"total":3,"covered":3,"skipped":0,"pct":100},"branches":{"total":2,"covered":2,"skipped":0,"pct":100}}
,"C:\\Users\\hakim-pc\\Desktop\\Testez-une-application-full-stack\\front\\src\\app\\features\\auth\\components\\login\\login.component.html": {"lines":{"total":13,"covered":13,"skipped":0,"pct":100},"functions":{"total":2,"covered":2,"skipped":0,"pct":100},"statements":{"total":27,"covered":25,"skipped":0,"pct":92.59},"branches":{"total":4,"covered":4,"skipped":0,"pct":100}}
,"C:\\Users\\hakim-pc\\Desktop\\Testez-une-application-full-stack\\front\\src\\app\\features\\auth\\components\\login\\login.component.ts": {"lines":{"total":13,"covered":12,"skipped":0,"pct":92.3},"functions":{"total":5,"covered":4,"skipped":0,"pct":80},"statements":{"total":14,"covered":13,"skipped":0,"pct":92.85},"branches":{"total":2,"covered":2,"skipped":0,"pct":100}}
,"C:\\Users\\hakim-pc\\Desktop\\Testez-une-application-full-stack\\front\\src\\app\\features\\auth\\components\\register\\register.component.html": {"lines":{"total":18,"covered":18,"skipped":0,"pct":100},"functions":{"total":1,"covered":1,"skipped":0,"pct":100},"statements":{"total":27,"covered":25,"skipped":0,"pct":92.59},"branches":{"total":0,"covered":0,"skipped":0,"pct":100}}
,"C:\\Users\\hakim-pc\\Desktop\\Testez-une-application-full-stack\\front\\src\\app\\features\\auth\\components\\register\\register.component.ts": {"lines":{"total":10,"covered":9,"skipped":0,"pct":90},"functions":{"total":5,"covered":4,"skipped":0,"pct":80},"statements":{"total":11,"covered":10,"skipped":0,"pct":90.9},"branches":{"total":2,"covered":2,"skipped":0,"pct":100}}
,"C:\\Users\\hakim-pc\\Desktop\\Testez-une-application-full-stack\\front\\src\\app\\features\\auth\\services\\auth.service.ts": {"lines":{"total":5,"covered":5,"skipped":0,"pct":100},"functions":{"total":4,"covered":4,"skipped":0,"pct":100},"statements":{"total":6,"covered":6,"skipped":0,"pct":100},"branches":{"total":2,"covered":2,"skipped":0,"pct":100}}
,"C:\\Users\\hakim-pc\\Desktop\\Testez-une-application-full-stack\\front\\src\\app\\features\\sessions\\sessions-routing.module.ts": {"lines":{"total":2,"covered":2,"skipped":0,"pct":100},"functions":{"total":1,"covered":1,"skipped":0,"pct":100},"statements":{"total":3,"covered":3,"skipped":0,"pct":100},"branches":{"total":2,"covered":2,"skipped":0,"pct":100}}
,"C:\\Users\\hakim-pc\\Desktop\\Testez-une-application-full-stack\\front\\src\\app\\features\\sessions\\sessions.module.ts": {"lines":{"total":3,"covered":3,"skipped":0,"pct":100},"functions":{"total":1,"covered":1,"skipped":0,"pct":100},"statements":{"total":4,"covered":4,"skipped":0,"pct":100},"branches":{"total":2,"covered":2,"skipped":0,"pct":100}}
,"C:\\Users\\hakim-pc\\Desktop\\Testez-une-application-full-stack\\front\\src\\app\\features\\sessions\\components\\detail\\detail.component.html": {"lines":{"total":42,"covered":42,"skipped":0,"pct":100},"functions":{"total":4,"covered":3,"skipped":0,"pct":75},"statements":{"total":81,"covered":81,"skipped":0,"pct":100},"branches":{"total":0,"covered":0,"skipped":0,"pct":100}}
,"C:\\Users\\hakim-pc\\Desktop\\Testez-une-application-full-stack\\front\\src\\app\\features\\sessions\\components\\detail\\detail.component.ts": {"lines":{"total":25,"covered":24,"skipped":0,"pct":96},"functions":{"total":14,"covered":13,"skipped":0,"pct":92.85},"statements":{"total":29,"covered":28,"skipped":0,"pct":96.55},"branches":{"total":2,"covered":2,"skipped":0,"pct":100}}
,"C:\\Users\\hakim-pc\\Desktop\\Testez-une-application-full-stack\\front\\src\\app\\features\\sessions\\components\\form\\form.component.html": {"lines":{"total":31,"covered":31,"skipped":0,"pct":100},"functions":{"total":1,"covered":1,"skipped":0,"pct":100},"statements":{"total":46,"covered":46,"skipped":0,"pct":100},"branches":{"total":0,"covered":0,"skipped":0,"pct":100}}
,"C:\\Users\\hakim-pc\\Desktop\\Testez-une-application-full-stack\\front\\src\\app\\features\\sessions\\components\\form\\form.component.ts": {"lines":{"total":28,"covered":27,"skipped":0,"pct":96.42},"functions":{"total":9,"covered":9,"skipped":0,"pct":100},"statements":{"total":29,"covered":28,"skipped":0,"pct":96.55},"branches":{"total":16,"covered":15,"skipped":0,"pct":93.75}}
,"C:\\Users\\hakim-pc\\Desktop\\Testez-une-application-full-stack\\front\\src\\app\\features\\sessions\\components\\list\\list.component.html": {"lines":{"total":28,"covered":28,"skipped":0,"pct":100},"functions":{"total":0,"covered":0,"skipped":0,"pct":100},"statements":{"total":42,"covered":42,"skipped":0,"pct":100},"branches":{"total":0,"covered":0,"skipped":0,"pct":100}}
,"C:\\Users\\hakim-pc\\Desktop\\Testez-une-application-full-stack\\front\\src\\app\\features\\sessions\\components\\list\\list.component.ts": {"lines":{"total":5,"covered":5,"skipped":0,"pct":100},"functions":{"total":3,"covered":3,"skipped":0,"pct":100},"statements":{"total":6,"covered":6,"skipped":0,"pct":100},"branches":{"total":2,"covered":2,"skipped":0,"pct":100}}
,"C:\\Users\\hakim-pc\\Desktop\\Testez-une-application-full-stack\\front\\src\\app\\features\\sessions\\services\\session-api.service.ts": {"lines":{"total":10,"covered":10,"skipped":0,"pct":100},"functions":{"total":9,"covered":9,"skipped":0,"pct":100},"statements":{"total":11,"covered":11,"skipped":0,"pct":100},"branches":{"total":2,"covered":2,"skipped":0,"pct":100}}
,"C:\\Users\\hakim-pc\\Desktop\\Testez-une-application-full-stack\\front\\src\\app\\guards\\auth.guard.ts": {"lines":{"total":7,"covered":5,"skipped":0,"pct":71.42},"functions":{"total":3,"covered":3,"skipped":0,"pct":100},"statements":{"total":8,"covered":6,"skipped":0,"pct":75},"branches":{"total":4,"covered":3,"skipped":0,"pct":75}}
,"C:\\Users\\hakim-pc\\Desktop\\Testez-une-application-full-stack\\front\\src\\app\\guards\\unauth.guard.ts": {"lines":{"total":7,"covered":5,"skipped":0,"pct":71.42},"functions":{"total":3,"covered":3,"skipped":0,"pct":100},"statements":{"total":8,"covered":6,"skipped":0,"pct":75},"branches":{"total":4,"covered":3,"skipped":0,"pct":75}}
,"C:\\Users\\hakim-pc\\Desktop\\Testez-une-application-full-stack\\front\\src\\app\\interceptors\\jwt.interceptor.ts": {"lines":{"total":5,"covered":5,"skipped":0,"pct":100},"functions":{"total":3,"covered":3,"skipped":0,"pct":100},"statements":{"total":6,"covered":6,"skipped":0,"pct":100},"branches":{"total":4,"covered":4,"skipped":0,"pct":100}}
,"C:\\Users\\hakim-pc\\Desktop\\Testez-une-application-full-stack\\front\\src\\app\\services\\session.service.ts": {"lines":{"total":11,"covered":11,"skipped":0,"pct":100},"functions":{"total":6,"covered":6,"skipped":0,"pct":100},"statements":{"total":12,"covered":12,"skipped":0,"pct":100},"branches":{"total":2,"covered":2,"skipped":0,"pct":100}}
,"C:\\Users\\hakim-pc\\Desktop\\Testez-une-application-full-stack\\front\\src\\app\\services\\teacher.service.ts": {"lines":{"total":5,"covered":5,"skipped":0,"pct":100},"functions":{"total":4,"covered":4,"skipped":0,"pct":100},"statements":{"total":6,"covered":6,"skipped":0,"pct":100},"branches":{"total":2,"covered":2,"skipped":0,"pct":100}}
,"C:\\Users\\hakim-pc\\Desktop\\Testez-une-application-full-stack\\front\\src\\app\\services\\user.service.ts": {"lines":{"total":5,"covered":4,"skipped":0,"pct":80},"functions":{"total":4,"covered":3,"skipped":0,"pct":75},"statements":{"total":6,"covered":5,"skipped":0,"pct":83.33},"branches":{"total":2,"covered":2,"skipped":0,"pct":100}}
,"C:\\Users\\hakim-pc\\Desktop\\Testez-une-application-full-stack\\front\\src\\environments\\environment.ts": {"lines":{"total":1,"covered":1,"skipped":0,"pct":100},"functions":{"total":0,"covered":0,"skipped":0,"pct":100},"statements":{"total":1,"covered":1,"skipped":0,"pct":100},"branches":{"total":0,"covered":0,"skipped":0,"pct":100}}
}
