TN:
SF:src\main.ts
FN:12,(anonymous_0)
FNF:1
FNH:0
FNDA:0,(anonymous_0)
DA:7,21
DA:8,0
DA:11,21
DA:12,0
LF:4
LH:2
BRDA:7,0,0,0
BRDA:7,0,1,21
BRF:2
BRH:1
end_of_record
TN:
SF:src\app\app-routing.module.ts
FN:12,(anonymous_0)
FN:12,(anonymous_1)
FN:17,(anonymous_2)
FN:17,(anonymous_3)
FN:32,(anonymous_4)
FNF:5
FNH:5
FNDA:21,(anonymous_0)
FNDA:21,(anonymous_1)
FNDA:17,(anonymous_2)
FNDA:17,(anonymous_3)
FNDA:21,(anonymous_4)
DA:8,21
DA:12,21
DA:17,17
DA:32,42
LF:4
LH:4
BRDA:32,0,0,21
BRDA:32,0,1,21
BRF:2
BRH:2
end_of_record
TN:
SF:src\app\app.component.ts
FN:13,(anonymous_3)
FN:14,(anonymous_4)
FN:20,(anonymous_5)
FN:24,(anonymous_6)
FNF:4
FNH:4
FNDA:21,(anonymous_3)
FNDA:21,(anonymous_4)
FNDA:1563,(anonymous_5)
FNDA:3,(anonymous_6)
DA:13,42
DA:15,21
DA:16,21
DA:17,21
DA:21,1563
DA:25,3
DA:26,3
LF:7
LH:7
BRDA:13,0,0,21
BRDA:13,0,1,21
BRF:2
BRH:2
end_of_record
TN:
SF:src\app\app.module.ts
FN:45,(anonymous_0)
FNF:1
FNH:1
FNDA:21,(anonymous_0)
DA:18,21
DA:45,42
LF:2
LH:2
BRDA:45,0,0,21
BRDA:45,0,1,21
BRF:2
BRH:2
end_of_record
TN:
SF:src\app\components\me\me.component.ts
FN:13,(anonymous_4)
FN:17,(anonymous_5)
FN:23,(anonymous_6)
FN:26,(anonymous_7)
FN:29,(anonymous_8)
FN:33,(anonymous_9)
FN:36,(anonymous_10)
FNF:7
FNH:5
FNDA:21,(anonymous_4)
FNDA:6,(anonymous_5)
FNDA:6,(anonymous_6)
FNDA:6,(anonymous_7)
FNDA:6,(anonymous_8)
FNDA:0,(anonymous_9)
FNDA:0,(anonymous_10)
DA:13,42
DA:17,6
DA:18,6
DA:19,6
DA:20,6
DA:24,6
DA:26,6
DA:30,6
DA:34,0
DA:37,0
DA:38,0
DA:39,0
LF:12
LH:8
BRDA:13,0,0,6
BRDA:13,0,1,6
BRF:2
BRH:2
end_of_record
TN:
SF:src\app\components\not-found\not-found.component.ts
FN:8,(anonymous_0)
FNF:1
FNH:1
FNDA:21,(anonymous_0)
DA:8,42
LF:1
LH:1
BRDA:8,0,0,2
BRDA:8,0,1,2
BRF:2
BRH:2
end_of_record
TN:
SF:src\app\features\auth\auth-routing.module.ts
FN:16,(anonymous_0)
FNF:1
FNH:1
FNDA:21,(anonymous_0)
DA:7,21
DA:16,42
LF:2
LH:2
BRDA:16,0,0,21
BRDA:16,0,1,21
BRF:2
BRH:2
end_of_record
TN:
SF:src\app\features\auth\auth.module.ts
FN:36,(anonymous_0)
FNF:1
FNH:1
FNDA:21,(anonymous_0)
DA:14,21
DA:36,42
LF:2
LH:2
BRDA:36,0,0,21
BRDA:36,0,1,21
BRF:2
BRH:2
end_of_record
TN:
SF:src\app\features\auth\components\login\login.component.ts
FN:14,(anonymous_1)
FN:35,(anonymous_2)
FN:41,(anonymous_3)
FN:44,(anonymous_4)
FN:48,(anonymous_5)
FNF:5
FNH:4
FNDA:21,(anonymous_1)
FNDA:19,(anonymous_2)
FNDA:17,(anonymous_3)
FNDA:17,(anonymous_4)
FNDA:0,(anonymous_5)
DA:14,42
DA:15,19
DA:16,19
DA:18,19
DA:35,19
DA:36,19
DA:37,19
DA:38,19
DA:42,17
DA:43,17
DA:45,17
DA:46,17
DA:48,0
LF:13
LH:12
BRDA:14,0,0,19
BRDA:14,0,1,19
BRF:2
BRH:2
end_of_record
TN:
SF:src\app\features\auth\components\register\register.component.ts
FN:12,(anonymous_1)
FN:50,(anonymous_2)
FN:55,(anonymous_3)
FN:58,(anonymous_4)
FN:59,(anonymous_5)
FNF:5
FNH:4
FNDA:21,(anonymous_1)
FNDA:2,(anonymous_2)
FNDA:2,(anonymous_3)
FNDA:2,(anonymous_4)
FNDA:0,(anonymous_5)
DA:12,42
DA:14,2
DA:16,2
DA:50,2
DA:51,2
DA:52,2
DA:56,2
DA:57,2
DA:58,2
DA:59,0
LF:10
LH:9
BRDA:12,0,0,2
BRDA:12,0,1,2
BRF:2
BRH:2
end_of_record
TN:
SF:src\app\features\auth\services\auth.service.ts
FN:11,(anonymous_0)
FN:15,(anonymous_1)
FN:17,(anonymous_2)
FN:21,(anonymous_3)
FNF:4
FNH:4
FNDA:21,(anonymous_0)
FNDA:21,(anonymous_1)
FNDA:2,(anonymous_2)
FNDA:17,(anonymous_3)
DA:11,42
DA:13,21
DA:15,21
DA:18,2
DA:22,17
LF:5
LH:5
BRDA:11,0,0,21
BRDA:11,0,1,21
BRF:2
BRH:2
end_of_record
TN:
SF:src\app\features\sessions\sessions-routing.module.ts
FN:18,(anonymous_0)
FNF:1
FNH:1
FNDA:17,(anonymous_0)
DA:7,17
DA:18,34
LF:2
LH:2
BRDA:18,0,0,17
BRDA:18,0,1,17
BRF:2
BRH:2
end_of_record
TN:
SF:src\app\features\sessions\sessions.module.ts
FN:43,(anonymous_0)
FNF:1
FNH:1
FNDA:17,(anonymous_0)
DA:17,17
DA:19,17
DA:43,34
LF:3
LH:3
BRDA:43,0,0,17
BRDA:43,0,1,17
BRF:2
BRH:2
end_of_record
TN:
SF:src\app\features\sessions\components\detail\detail.component.ts
FN:16,(anonymous_10)
FN:26,(anonymous_11)
FN:39,(anonymous_12)
FN:43,(anonymous_13)
FN:47,(anonymous_14)
FN:50,(anonymous_15)
FN:57,(anonymous_16)
FN:58,(anonymous_17)
FN:61,(anonymous_18)
FN:62,(anonymous_19)
FN:65,(anonymous_20)
FN:68,(anonymous_21)
FN:70,(anonymous_22)
FN:73,(anonymous_23)
FNF:14
FNH:13
FNDA:17,(anonymous_10)
FNDA:6,(anonymous_11)
FNDA:6,(anonymous_12)
FNDA:0,(anonymous_13)
FNDA:2,(anonymous_14)
FNDA:2,(anonymous_15)
FNDA:3,(anonymous_16)
FNDA:3,(anonymous_17)
FNDA:2,(anonymous_18)
FNDA:2,(anonymous_19)
FNDA:11,(anonymous_20)
FNDA:11,(anonymous_21)
FNDA:3,(anonymous_22)
FNDA:3,(anonymous_23)
DA:16,34
DA:20,6
DA:21,6
DA:27,6
DA:28,6
DA:29,6
DA:30,6
DA:31,6
DA:32,6
DA:33,6
DA:34,6
DA:35,6
DA:36,6
DA:40,6
DA:44,0
DA:48,2
DA:51,2
DA:52,2
DA:58,3
DA:62,2
DA:66,11
DA:69,11
DA:70,11
DA:71,11
DA:73,3
LF:25
LH:24
BRDA:16,0,0,6
BRDA:16,0,1,6
BRF:2
BRH:2
end_of_record
TN:
SF:src\app\features\sessions\components\form\form.component.ts
FN:15,(anonymous_5)
FN:22,(anonymous_6)
FN:33,(anonymous_7)
FN:43,(anonymous_8)
FN:49,(anonymous_9)
FN:55,(anonymous_10)
FN:59,(anonymous_11)
FN:63,(anonymous_12)
FN:87,(anonymous_13)
FNF:9
FNH:9
FNDA:17,(anonymous_5)
FNDA:4,(anonymous_6)
FNDA:4,(anonymous_7)
FNDA:2,(anonymous_8)
FNDA:4,(anonymous_9)
FNDA:2,(anonymous_10)
FNDA:2,(anonymous_11)
FNDA:4,(anonymous_12)
FNDA:4,(anonymous_13)
DA:15,34
DA:17,4
DA:19,4
DA:23,4
DA:24,4
DA:25,4
DA:26,4
DA:27,4
DA:28,4
DA:29,4
DA:34,4
DA:35,0
DA:37,4
DA:38,4
DA:39,2
DA:40,2
DA:41,2
DA:43,2
DA:45,2
DA:50,4
DA:52,4
DA:53,2
DA:55,2
DA:57,2
DA:59,2
DA:64,4
DA:88,4
DA:89,4
LF:28
LH:27
BRDA:34,0,0,0
BRDA:34,0,1,4
BRDA:38,1,0,2
BRDA:38,1,1,2
BRDA:52,2,0,2
BRDA:52,2,1,2
BRDA:66,3,0,2
BRDA:66,3,1,2
BRDA:70,4,0,2
BRDA:70,4,1,2
BRDA:74,5,0,2
BRDA:74,5,1,2
BRDA:78,6,0,2
BRDA:78,6,1,2
BRDA:15,7,0,4
BRDA:15,7,1,4
BRF:16
BRH:15
end_of_record
TN:
SF:src\app\features\sessions\components\list\list.component.ts
FN:13,(anonymous_5)
FN:17,(anonymous_6)
FN:22,(anonymous_7)
FNF:3
FNH:3
FNDA:17,(anonymous_5)
FNDA:29,(anonymous_6)
FNDA:269,(anonymous_7)
DA:13,34
DA:15,29
DA:18,29
DA:19,29
DA:23,269
LF:5
LH:5
BRDA:13,0,0,29
BRDA:13,0,1,29
BRF:2
BRH:2
end_of_record
TN:
SF:src\app\features\sessions\services\session-api.service.ts
FN:9,(anonymous_0)
FN:13,(anonymous_1)
FN:16,(anonymous_2)
FN:20,(anonymous_3)
FN:24,(anonymous_4)
FN:28,(anonymous_5)
FN:32,(anonymous_6)
FN:36,(anonymous_7)
FN:40,(anonymous_8)
FNF:9
FNH:9
FNDA:17,(anonymous_0)
FNDA:17,(anonymous_1)
FNDA:29,(anonymous_2)
FNDA:13,(anonymous_3)
FNDA:2,(anonymous_4)
FNDA:2,(anonymous_5)
FNDA:2,(anonymous_6)
FNDA:3,(anonymous_7)
FNDA:2,(anonymous_8)
DA:9,34
DA:11,17
DA:13,17
DA:17,29
DA:21,13
DA:25,2
DA:29,2
DA:33,2
DA:37,3
DA:41,2
LF:10
LH:10
BRDA:9,0,0,17
BRDA:9,0,1,17
BRF:2
BRH:2
end_of_record
TN:
SF:src\app\guards\auth.guard.ts
FN:6,(anonymous_0)
FN:8,(anonymous_1)
FN:14,(anonymous_2)
FNF:3
FNH:3
FNDA:21,(anonymous_0)
FNDA:17,(anonymous_1)
FNDA:29,(anonymous_2)
DA:6,42
DA:9,17
DA:10,17
DA:15,29
DA:16,0
DA:17,0
DA:19,29
LF:7
LH:5
BRDA:15,0,0,0
BRDA:15,0,1,29
BRDA:6,1,0,17
BRDA:6,1,1,17
BRF:4
BRH:3
end_of_record
TN:
SF:src\app\guards\unauth.guard.ts
FN:6,(anonymous_0)
FN:8,(anonymous_1)
FN:14,(anonymous_2)
FNF:3
FNH:3
FNDA:21,(anonymous_0)
FNDA:19,(anonymous_1)
FNDA:22,(anonymous_2)
DA:6,42
DA:9,19
DA:10,19
DA:15,22
DA:16,0
DA:17,0
DA:19,22
LF:7
LH:5
BRDA:15,0,0,0
BRDA:15,0,1,22
BRDA:6,1,0,19
BRDA:6,1,1,19
BRF:4
BRH:3
end_of_record
TN:
SF:src\app\interceptors\jwt.interceptor.ts
FN:6,(anonymous_0)
FN:7,(anonymous_1)
FN:9,(anonymous_2)
FNF:3
FNH:3
FNDA:21,(anonymous_0)
FNDA:19,(anonymous_1)
FNDA:93,(anonymous_2)
DA:6,42
DA:7,19
DA:10,93
DA:11,74
DA:17,93
LF:5
LH:5
BRDA:10,0,0,74
BRDA:10,0,1,19
BRDA:6,1,0,19
BRDA:6,1,1,19
BRF:4
BRH:4
end_of_record
TN:
SF:src\app\services\session.service.ts
FN:8,(anonymous_0)
FN:5,(anonymous_1)
FN:15,(anonymous_2)
FN:19,(anonymous_3)
FN:25,(anonymous_4)
FN:31,(anonymous_5)
FNF:6
FNH:6
FNDA:21,(anonymous_0)
FNDA:21,(anonymous_1)
FNDA:1563,(anonymous_2)
FNDA:17,(anonymous_3)
FNDA:3,(anonymous_4)
FNDA:20,(anonymous_5)
DA:8,42
DA:10,21
DA:13,21
DA:16,1563
DA:20,17
DA:21,17
DA:22,17
DA:26,3
DA:27,3
DA:28,3
DA:32,20
LF:11
LH:11
BRDA:8,0,0,21
BRDA:8,0,1,21
BRF:2
BRH:2
end_of_record
TN:
SF:src\app\services\teacher.service.ts
FN:9,(anonymous_0)
FN:13,(anonymous_1)
FN:15,(anonymous_2)
FN:19,(anonymous_3)
FNF:4
FNH:4
FNDA:17,(anonymous_0)
FNDA:10,(anonymous_1)
FNDA:4,(anonymous_2)
FNDA:11,(anonymous_3)
DA:9,34
DA:11,10
DA:13,10
DA:16,4
DA:20,11
LF:5
LH:5
BRDA:9,0,0,10
BRDA:9,0,1,10
BRF:2
BRH:2
end_of_record
TN:
SF:src\app\services\user.service.ts
FN:9,(anonymous_0)
FN:13,(anonymous_1)
FN:15,(anonymous_2)
FN:19,(anonymous_3)
FNF:4
FNH:3
FNDA:21,(anonymous_0)
FNDA:6,(anonymous_1)
FNDA:6,(anonymous_2)
FNDA:0,(anonymous_3)
DA:9,42
DA:11,6
DA:13,6
DA:16,6
DA:20,0
LF:5
LH:4
BRDA:9,0,0,6
BRDA:9,0,1,6
BRF:2
BRH:2
end_of_record
TN:
SF:src\environments\environment.ts
FNF:0
FNH:0
DA:1,21
LF:1
LH:1
BRF:0
BRH:0
end_of_record
