{"C:\\Users\\hakim-pc\\Desktop\\Testez-une-application-full-stack\\front\\src\\app\\app.component.html": {"path":"C:\\Users\\hakim-pc\\Desktop\\Testez-une-application-full-stack\\front\\src\\app\\app.component.html","statementMap":{"0":{"start":{"line":1,"column":0},"end":{"line":1,"column":748}}},"fnMap":{},"branchMap":{},"s":{"0":1},"f":{},"b":{},"_coverageSchema":"1a1c01bbd47fc00a2c39e90264f33305004495a9","hash":"494b2583984cdda477735abc9b9673d81a2efda3"}
,"C:\\Users\\hakim-pc\\Desktop\\Testez-une-application-full-stack\\front\\src\\app\\app.component.ts": {"path":"C:\\Users\\hakim-pc\\Desktop\\Testez-une-application-full-stack\\front\\src\\app\\app.component.ts","statementMap":{"0":{"start":{"line":1,"column":0},"end":{"line":1,"column":50}},"1":{"start":{"line":2,"column":0},"end":{"line":2,"column":9}},"2":{"start":{"line":4,"column":0},"end":{"line":4,"column":9}},"3":{"start":{"line":6,"column":0},"end":{"line":6,"column":9}},"4":{"start":{"line":13,"column":25},"end":{"line":28,"column":null}},"5":{"start":{"line":15,"column":12},"end":{"line":15,"column":25}},"6":{"start":{"line":16,"column":12},"end":{"line":16,"column":20}},"7":{"start":{"line":17,"column":12},"end":{"line":17,"column":28}},"8":{"start":{"line":21,"column":4},"end":{"line":21,"column":43}},"9":{"start":{"line":25,"column":4},"end":{"line":25,"column":33}},"10":{"start":{"line":26,"column":4},"end":{"line":26,"column":null}},"11":{"start":{"line":13,"column":13},"end":{"line":28,"column":null}},"12":{"start":{"line":13,"column":13},"end":{"line":13,"column":25}}},"fnMap":{"0":{"name":"(anonymous_0)","decl":{"start":{"line":14,"column":2},"end":{"line":14,"column":null}},"loc":{"start":{"line":17,"column":42},"end":{"line":18,"column":3}}},"1":{"name":"(anonymous_1)","decl":{"start":{"line":20,"column":9},"end":{"line":20,"column":18}},"loc":{"start":{"line":20,"column":18},"end":{"line":22,"column":3}}},"2":{"name":"(anonymous_2)","decl":{"start":{"line":24,"column":9},"end":{"line":24,"column":15}},"loc":{"start":{"line":24,"column":15},"end":{"line":27,"column":3}}}},"branchMap":{},"s":{"0":1,"1":1,"2":1,"3":1,"4":1,"5":1,"6":1,"7":1,"8":0,"9":0,"10":0,"11":1,"12":1},"f":{"0":1,"1":0,"2":0},"b":{}}
,"C:\\Users\\hakim-pc\\Desktop\\Testez-une-application-full-stack\\front\\src\\app\\components\\me\\me.component.html": {"path":"C:\\Users\\hakim-pc\\Desktop\\Testez-une-application-full-stack\\front\\src\\app\\components\\me\\me.component.html","statementMap":{"0":{"start":{"line":1,"column":0},"end":{"line":1,"column":1310}}},"fnMap":{},"branchMap":{},"s":{"0":1},"f":{},"b":{},"_coverageSchema":"1a1c01bbd47fc00a2c39e90264f33305004495a9","hash":"876a0b553e8301944d9897f8a86bca4330a124d3"}
,"C:\\Users\\hakim-pc\\Desktop\\Testez-une-application-full-stack\\front\\src\\app\\components\\me\\me.component.ts": {"path":"C:\\Users\\hakim-pc\\Desktop\\Testez-une-application-full-stack\\front\\src\\app\\components\\me\\me.component.ts","statementMap":{"0":{"start":{"line":1,"column":0},"end":{"line":1,"column":50}},"1":{"start":{"line":2,"column":0},"end":{"line":2,"column":9}},"2":{"start":{"line":3,"column":0},"end":{"line":3,"column":9}},"3":{"start":{"line":5,"column":0},"end":{"line":5,"column":9}},"4":{"start":{"line":6,"column":0},"end":{"line":6,"column":9}},"5":{"start":{"line":13,"column":24},"end":{"line":43,"column":null}},"6":{"start":{"line":17,"column":22},"end":{"line":17,"column":30}},"7":{"start":{"line":18,"column":22},"end":{"line":18,"column":38}},"8":{"start":{"line":19,"column":22},"end":{"line":19,"column":35}},"9":{"start":{"line":20,"column":22},"end":{"line":20,"column":35}},"10":{"start":{"line":24,"column":4},"end":{"line":26,"column":51}},"11":{"start":{"line":26,"column":33},"end":{"line":26,"column":49}},"12":{"start":{"line":30,"column":4},"end":{"line":30,"column":26}},"13":{"start":{"line":34,"column":4},"end":{"line":40,"column":null}},"14":{"start":{"line":37,"column":8},"end":{"line":37,"column":94}},"15":{"start":{"line":38,"column":8},"end":{"line":38,"column":37}},"16":{"start":{"line":39,"column":8},"end":{"line":39,"column":36}},"17":{"start":{"line":13,"column":13},"end":{"line":43,"column":null}},"18":{"start":{"line":13,"column":13},"end":{"line":13,"column":24}}},"fnMap":{"0":{"name":"(anonymous_0)","decl":{"start":{"line":17,"column":2},"end":{"line":17,"column":22}},"loc":{"start":{"line":20,"column":46},"end":{"line":21,"column":3}}},"1":{"name":"(anonymous_1)","decl":{"start":{"line":23,"column":9},"end":{"line":23,"column":17}},"loc":{"start":{"line":23,"column":17},"end":{"line":27,"column":3}}},"2":{"name":"(anonymous_2)","decl":{"start":{"line":26,"column":17},"end":{"line":26,"column":18}},"loc":{"start":{"line":26,"column":33},"end":{"line":26,"column":49}}},"3":{"name":"(anonymous_3)","decl":{"start":{"line":29,"column":9},"end":{"line":29,"column":13}},"loc":{"start":{"line":29,"column":13},"end":{"line":31,"column":3}}},"4":{"name":"(anonymous_4)","decl":{"start":{"line":33,"column":9},"end":{"line":33,"column":15}},"loc":{"start":{"line":33,"column":15},"end":{"line":41,"column":3}}},"5":{"name":"(anonymous_5)","decl":{"start":{"line":36,"column":17},"end":{"line":36,"column":18}},"loc":{"start":{"line":36,"column":23},"end":{"line":40,"column":7}}}},"branchMap":{},"s":{"0":1,"1":1,"2":1,"3":1,"4":1,"5":1,"6":3,"7":3,"8":3,"9":3,"10":4,"11":1,"12":1,"13":0,"14":0,"15":0,"16":0,"17":1,"18":1},"f":{"0":3,"1":4,"2":1,"3":1,"4":0,"5":0},"b":{}}
,"C:\\Users\\hakim-pc\\Desktop\\Testez-une-application-full-stack\\front\\src\\app\\components\\not-found\\not-found.component.html": {"path":"C:\\Users\\hakim-pc\\Desktop\\Testez-une-application-full-stack\\front\\src\\app\\components\\not-found\\not-found.component.html","statementMap":{"0":{"start":{"line":1,"column":0},"end":{"line":1,"column":103}}},"fnMap":{},"branchMap":{},"s":{"0":1},"f":{},"b":{},"_coverageSchema":"1a1c01bbd47fc00a2c39e90264f33305004495a9","hash":"5f214639e4efa5cb367fd6889b6a32246fecfeb7"}
,"C:\\Users\\hakim-pc\\Desktop\\Testez-une-application-full-stack\\front\\src\\app\\components\\not-found\\not-found.component.ts": {"path":"C:\\Users\\hakim-pc\\Desktop\\Testez-une-application-full-stack\\front\\src\\app\\components\\not-found\\not-found.component.ts","statementMap":{"0":{"start":{"line":1,"column":0},"end":{"line":1,"column":42}},"1":{"start":{"line":8,"column":30},"end":{"line":9,"column":null}},"2":{"start":{"line":8,"column":13},"end":{"line":9,"column":null}},"3":{"start":{"line":8,"column":13},"end":{"line":8,"column":30}}},"fnMap":{},"branchMap":{},"s":{"0":1,"1":1,"2":1,"3":1},"f":{},"b":{}}
,"C:\\Users\\hakim-pc\\Desktop\\Testez-une-application-full-stack\\front\\src\\app\\features\\auth\\components\\login\\login.component.html": {"path":"C:\\Users\\hakim-pc\\Desktop\\Testez-une-application-full-stack\\front\\src\\app\\features\\auth\\components\\login\\login.component.html","statementMap":{"0":{"start":{"line":1,"column":0},"end":{"line":1,"column":1372}}},"fnMap":{},"branchMap":{},"s":{"0":1},"f":{},"b":{},"_coverageSchema":"1a1c01bbd47fc00a2c39e90264f33305004495a9","hash":"c2fadab1b18cbc5a62c0c322c77501a76492c3a8"}
,"C:\\Users\\hakim-pc\\Desktop\\Testez-une-application-full-stack\\front\\src\\app\\features\\auth\\components\\login\\login.component.ts": {"path":"C:\\Users\\hakim-pc\\Desktop\\Testez-une-application-full-stack\\front\\src\\app\\features\\auth\\components\\login\\login.component.ts","statementMap":{"0":{"start":{"line":1,"column":0},"end":{"line":1,"column":42}},"1":{"start":{"line":2,"column":0},"end":{"line":2,"column":9}},"2":{"start":{"line":3,"column":0},"end":{"line":3,"column":9}},"3":{"start":{"line":5,"column":0},"end":{"line":5,"column":9}},"4":{"start":{"line":7,"column":0},"end":{"line":7,"column":9}},"5":{"start":{"line":14,"column":27},"end":{"line":51,"column":null}},"6":{"start":{"line":35,"column":22},"end":{"line":35,"column":35}},"7":{"start":{"line":36,"column":22},"end":{"line":36,"column":26}},"8":{"start":{"line":37,"column":22},"end":{"line":37,"column":30}},"9":{"start":{"line":38,"column":22},"end":{"line":38,"column":38}},"10":{"start":{"line":15,"column":9},"end":{"line":15,"column":21}},"11":{"start":{"line":16,"column":9},"end":{"line":16,"column":25}},"12":{"start":{"line":18,"column":9},"end":{"line":33,"column":5}},"13":{"start":{"line":42,"column":25},"end":{"line":42,"column":56}},"14":{"start":{"line":43,"column":4},"end":{"line":49,"column":7}},"15":{"start":{"line":45,"column":8},"end":{"line":45,"column":44}},"16":{"start":{"line":46,"column":8},"end":{"line":46,"column":44}},"17":{"start":{"line":48,"column":22},"end":{"line":48,"column":41}},"18":{"start":{"line":14,"column":13},"end":{"line":51,"column":null}},"19":{"start":{"line":14,"column":13},"end":{"line":14,"column":27}}},"fnMap":{"0":{"name":"(anonymous_0)","decl":{"start":{"line":35,"column":2},"end":{"line":35,"column":22}},"loc":{"start":{"line":38,"column":52},"end":{"line":39,"column":3}}},"1":{"name":"(anonymous_1)","decl":{"start":{"line":41,"column":9},"end":{"line":41,"column":15}},"loc":{"start":{"line":41,"column":15},"end":{"line":50,"column":3}}},"2":{"name":"(anonymous_2)","decl":{"start":{"line":44,"column":12},"end":{"line":44,"column":13}},"loc":{"start":{"line":44,"column":45},"end":{"line":47,"column":7}}},"3":{"name":"(anonymous_3)","decl":{"start":{"line":48,"column":13},"end":{"line":48,"column":18}},"loc":{"start":{"line":48,"column":22},"end":{"line":48,"column":41}}}},"branchMap":{},"s":{"0":1,"1":1,"2":1,"3":1,"4":1,"5":1,"6":3,"7":3,"8":3,"9":3,"10":3,"11":3,"12":3,"13":2,"14":2,"15":0,"16":0,"17":1,"18":1,"19":1},"f":{"0":3,"1":2,"2":0,"3":1},"b":{}}
,"C:\\Users\\hakim-pc\\Desktop\\Testez-une-application-full-stack\\front\\src\\app\\features\\auth\\components\\register\\register.component.html": {"path":"C:\\Users\\hakim-pc\\Desktop\\Testez-une-application-full-stack\\front\\src\\app\\features\\auth\\components\\register\\register.component.html","statementMap":{"0":{"start":{"line":1,"column":0},"end":{"line":1,"column":1381}}},"fnMap":{},"branchMap":{},"s":{"0":1},"f":{},"b":{},"_coverageSchema":"1a1c01bbd47fc00a2c39e90264f33305004495a9","hash":"f0039c00e0aa66e2193cf85d35afb9a6b55e3de0"}
,"C:\\Users\\hakim-pc\\Desktop\\Testez-une-application-full-stack\\front\\src\\app\\features\\auth\\components\\register\\register.component.ts": {"path":"C:\\Users\\hakim-pc\\Desktop\\Testez-une-application-full-stack\\front\\src\\app\\features\\auth\\components\\register\\register.component.ts","statementMap":{"0":{"start":{"line":1,"column":0},"end":{"line":1,"column":42}},"1":{"start":{"line":2,"column":0},"end":{"line":2,"column":9}},"2":{"start":{"line":3,"column":0},"end":{"line":3,"column":9}},"3":{"start":{"line":4,"column":0},"end":{"line":4,"column":9}},"4":{"start":{"line":12,"column":30},"end":{"line":64,"column":null}},"5":{"start":{"line":50,"column":22},"end":{"line":50,"column":35}},"6":{"start":{"line":51,"column":22},"end":{"line":51,"column":26}},"7":{"start":{"line":52,"column":22},"end":{"line":52,"column":30}},"8":{"start":{"line":14,"column":9},"end":{"line":14,"column":25}},"9":{"start":{"line":16,"column":9},"end":{"line":48,"column":5}},"10":{"start":{"line":56,"column":28},"end":{"line":56,"column":62}},"11":{"start":{"line":57,"column":4},"end":{"line":61,"column":6}},"12":{"start":{"line":58,"column":27},"end":{"line":58,"column":59}},"13":{"start":{"line":59,"column":20},"end":{"line":59,"column":39}},"14":{"start":{"line":12,"column":13},"end":{"line":64,"column":null}},"15":{"start":{"line":12,"column":13},"end":{"line":12,"column":30}}},"fnMap":{"0":{"name":"(anonymous_0)","decl":{"start":{"line":50,"column":2},"end":{"line":50,"column":22}},"loc":{"start":{"line":52,"column":36},"end":{"line":53,"column":3}}},"1":{"name":"(anonymous_1)","decl":{"start":{"line":55,"column":9},"end":{"line":55,"column":15}},"loc":{"start":{"line":55,"column":15},"end":{"line":62,"column":3}}},"2":{"name":"(anonymous_2)","decl":{"start":{"line":58,"column":14},"end":{"line":58,"column":15}},"loc":{"start":{"line":58,"column":27},"end":{"line":58,"column":59}}},"3":{"name":"(anonymous_3)","decl":{"start":{"line":59,"column":15},"end":{"line":59,"column":16}},"loc":{"start":{"line":59,"column":20},"end":{"line":59,"column":39}}}},"branchMap":{},"s":{"0":1,"1":1,"2":1,"3":1,"4":1,"5":3,"6":3,"7":3,"8":3,"9":3,"10":2,"11":2,"12":0,"13":1,"14":1,"15":1},"f":{"0":3,"1":2,"2":0,"3":1},"b":{}}
,"C:\\Users\\hakim-pc\\Desktop\\Testez-une-application-full-stack\\front\\src\\app\\features\\auth\\services\\auth.service.ts": {"path":"C:\\Users\\hakim-pc\\Desktop\\Testez-une-application-full-stack\\front\\src\\app\\features\\auth\\services\\auth.service.ts","statementMap":{"0":{"start":{"line":1,"column":0},"end":{"line":1,"column":9}},"1":{"start":{"line":2,"column":0},"end":{"line":2,"column":43}},"2":{"start":{"line":11,"column":24},"end":{"line":24,"column":null}},"3":{"start":{"line":15,"column":22},"end":{"line":15,"column":34}},"4":{"start":{"line":13,"column":10},"end":{"line":13,"column":35}},"5":{"start":{"line":18,"column":4},"end":{"line":18,"column":87}},"6":{"start":{"line":22,"column":4},"end":{"line":22,"column":95}},"7":{"start":{"line":11,"column":13},"end":{"line":24,"column":null}},"8":{"start":{"line":11,"column":13},"end":{"line":11,"column":24}}},"fnMap":{"0":{"name":"(anonymous_0)","decl":{"start":{"line":15,"column":2},"end":{"line":15,"column":22}},"loc":{"start":{"line":15,"column":44},"end":{"line":15,"column":49}}},"1":{"name":"(anonymous_1)","decl":{"start":{"line":17,"column":9},"end":{"line":17,"column":17}},"loc":{"start":{"line":17,"column":50},"end":{"line":19,"column":3}}},"2":{"name":"(anonymous_2)","decl":{"start":{"line":21,"column":9},"end":{"line":21,"column":14}},"loc":{"start":{"line":21,"column":41},"end":{"line":23,"column":3}}}},"branchMap":{},"s":{"0":3,"1":3,"2":3,"3":7,"4":7,"5":1,"6":1,"7":3,"8":3},"f":{"0":7,"1":1,"2":1},"b":{}}
,"C:\\Users\\hakim-pc\\Desktop\\Testez-une-application-full-stack\\front\\src\\app\\features\\sessions\\components\\detail\\detail.component.html": {"path":"C:\\Users\\hakim-pc\\Desktop\\Testez-une-application-full-stack\\front\\src\\app\\features\\sessions\\components\\detail\\detail.component.html","statementMap":{"0":{"start":{"line":1,"column":0},"end":{"line":1,"column":2812}}},"fnMap":{},"branchMap":{},"s":{"0":1},"f":{},"b":{},"_coverageSchema":"1a1c01bbd47fc00a2c39e90264f33305004495a9","hash":"3497a0b99294c48d692f3b50f774bedbddc19b57"}
,"C:\\Users\\hakim-pc\\Desktop\\Testez-une-application-full-stack\\front\\src\\app\\features\\sessions\\components\\detail\\detail.component.ts": {"path":"C:\\Users\\hakim-pc\\Desktop\\Testez-une-application-full-stack\\front\\src\\app\\features\\sessions\\components\\detail\\detail.component.ts","statementMap":{"0":{"start":{"line":1,"column":0},"end":{"line":1,"column":50}},"1":{"start":{"line":2,"column":0},"end":{"line":2,"column":9}},"2":{"start":{"line":3,"column":0},"end":{"line":3,"column":9}},"3":{"start":{"line":4,"column":0},"end":{"line":4,"column":9}},"4":{"start":{"line":6,"column":0},"end":{"line":6,"column":9}},"5":{"start":{"line":7,"column":0},"end":{"line":7,"column":9}},"6":{"start":{"line":9,"column":0},"end":{"line":9,"column":9}},"7":{"start":{"line":16,"column":28},"end":{"line":77,"column":null}},"8":{"start":{"line":27,"column":12},"end":{"line":27,"column":19}},"9":{"start":{"line":28,"column":12},"end":{"line":28,"column":16}},"10":{"start":{"line":29,"column":12},"end":{"line":29,"column":28}},"11":{"start":{"line":30,"column":12},"end":{"line":30,"column":31}},"12":{"start":{"line":31,"column":12},"end":{"line":31,"column":28}},"13":{"start":{"line":32,"column":12},"end":{"line":32,"column":25}},"14":{"start":{"line":33,"column":12},"end":{"line":33,"column":20}},"15":{"start":{"line":20,"column":9},"end":{"line":20,"column":31}},"16":{"start":{"line":21,"column":9},"end":{"line":21,"column":25}},"17":{"start":{"line":34,"column":4},"end":{"line":34,"column":61}},"18":{"start":{"line":35,"column":4},"end":{"line":35,"column":65}},"19":{"start":{"line":36,"column":4},"end":{"line":36,"column":72}},"20":{"start":{"line":40,"column":4},"end":{"line":40,"column":24}},"21":{"start":{"line":44,"column":4},"end":{"line":44,"column":26}},"22":{"start":{"line":48,"column":4},"end":{"line":54,"column":8}},"23":{"start":{"line":51,"column":10},"end":{"line":51,"column":82}},"24":{"start":{"line":52,"column":10},"end":{"line":52,"column":45}},"25":{"start":{"line":58,"column":4},"end":{"line":58,"column":104}},"26":{"start":{"line":58,"column":83},"end":{"line":58,"column":102}},"27":{"start":{"line":62,"column":4},"end":{"line":62,"column":106}},"28":{"start":{"line":62,"column":85},"end":{"line":62,"column":104}},"29":{"start":{"line":66,"column":4},"end":{"line":74,"column":9}},"30":{"start":{"line":69,"column":8},"end":{"line":69,"column":31}},"31":{"start":{"line":70,"column":8},"end":{"line":70,"column":103}},"32":{"start":{"line":70,"column":53},"end":{"line":70,"column":101}},"33":{"start":{"line":71,"column":8},"end":{"line":73,"column":67}},"34":{"start":{"line":73,"column":43},"end":{"line":73,"column":65}},"35":{"start":{"line":16,"column":13},"end":{"line":77,"column":null}},"36":{"start":{"line":16,"column":13},"end":{"line":16,"column":28}}},"fnMap":{"0":{"name":"(anonymous_0)","decl":{"start":{"line":26,"column":2},"end":{"line":26,"column":null}},"loc":{"start":{"line":33,"column":26},"end":{"line":37,"column":3}}},"1":{"name":"(anonymous_1)","decl":{"start":{"line":39,"column":9},"end":{"line":39,"column":17}},"loc":{"start":{"line":39,"column":17},"end":{"line":41,"column":3}}},"2":{"name":"(anonymous_2)","decl":{"start":{"line":43,"column":9},"end":{"line":43,"column":13}},"loc":{"start":{"line":43,"column":13},"end":{"line":45,"column":3}}},"3":{"name":"(anonymous_3)","decl":{"start":{"line":47,"column":9},"end":{"line":47,"column":15}},"loc":{"start":{"line":47,"column":15},"end":{"line":55,"column":3}}},"4":{"name":"(anonymous_4)","decl":{"start":{"line":50,"column":17},"end":{"line":50,"column":18}},"loc":{"start":{"line":50,"column":28},"end":{"line":53,"column":9}}},"5":{"name":"(anonymous_5)","decl":{"start":{"line":57,"column":9},"end":{"line":57,"column":20}},"loc":{"start":{"line":57,"column":20},"end":{"line":59,"column":3}}},"6":{"name":"(anonymous_6)","decl":{"start":{"line":58,"column":78},"end":{"line":58,"column":79}},"loc":{"start":{"line":58,"column":83},"end":{"line":58,"column":102}}},"7":{"name":"(anonymous_7)","decl":{"start":{"line":61,"column":9},"end":{"line":61,"column":22}},"loc":{"start":{"line":61,"column":22},"end":{"line":63,"column":3}}},"8":{"name":"(anonymous_8)","decl":{"start":{"line":62,"column":80},"end":{"line":62,"column":81}},"loc":{"start":{"line":62,"column":85},"end":{"line":62,"column":104}}},"9":{"name":"(anonymous_9)","decl":{"start":{"line":65,"column":10},"end":{"line":65,"column":22}},"loc":{"start":{"line":65,"column":22},"end":{"line":75,"column":3}}},"10":{"name":"(anonymous_10)","decl":{"start":{"line":68,"column":17},"end":{"line":68,"column":18}},"loc":{"start":{"line":68,"column":38},"end":{"line":74,"column":7}}},"11":{"name":"(anonymous_11)","decl":{"start":{"line":70,"column":48},"end":{"line":70,"column":49}},"loc":{"start":{"line":70,"column":53},"end":{"line":70,"column":101}}},"12":{"name":"(anonymous_12)","decl":{"start":{"line":73,"column":21},"end":{"line":73,"column":22}},"loc":{"start":{"line":73,"column":43},"end":{"line":73,"column":65}}}},"branchMap":{},"s":{"0":1,"1":1,"2":1,"3":1,"4":1,"5":1,"6":1,"7":1,"8":1,"9":1,"10":1,"11":1,"12":1,"13":1,"14":1,"15":1,"16":1,"17":1,"18":1,"19":1,"20":1,"21":0,"22":0,"23":0,"24":0,"25":0,"26":0,"27":0,"28":0,"29":1,"30":0,"31":0,"32":0,"33":0,"34":0,"35":1,"36":1},"f":{"0":1,"1":1,"2":0,"3":0,"4":0,"5":0,"6":0,"7":0,"8":0,"9":1,"10":0,"11":0,"12":0},"b":{}}
,"C:\\Users\\hakim-pc\\Desktop\\Testez-une-application-full-stack\\front\\src\\app\\features\\sessions\\components\\form\\form.component.html": {"path":"C:\\Users\\hakim-pc\\Desktop\\Testez-une-application-full-stack\\front\\src\\app\\features\\sessions\\components\\form\\form.component.html","statementMap":{"0":{"start":{"line":1,"column":0},"end":{"line":1,"column":1905}}},"fnMap":{},"branchMap":{},"s":{"0":1},"f":{},"b":{},"_coverageSchema":"1a1c01bbd47fc00a2c39e90264f33305004495a9","hash":"189ad0f78128aa91453f5abb10f5ef20a6ebd260"}
,"C:\\Users\\hakim-pc\\Desktop\\Testez-une-application-full-stack\\front\\src\\app\\features\\sessions\\components\\form\\form.component.ts": {"path":"C:\\Users\\hakim-pc\\Desktop\\Testez-une-application-full-stack\\front\\src\\app\\features\\sessions\\components\\form\\form.component.ts","statementMap":{"0":{"start":{"line":1,"column":0},"end":{"line":1,"column":50}},"1":{"start":{"line":2,"column":0},"end":{"line":2,"column":9}},"2":{"start":{"line":3,"column":0},"end":{"line":3,"column":9}},"3":{"start":{"line":4,"column":0},"end":{"line":4,"column":9}},"4":{"start":{"line":5,"column":0},"end":{"line":5,"column":9}},"5":{"start":{"line":6,"column":0},"end":{"line":6,"column":9}},"6":{"start":{"line":8,"column":0},"end":{"line":8,"column":9}},"7":{"start":{"line":15,"column":26},"end":{"line":91,"column":null}},"8":{"start":{"line":23,"column":12},"end":{"line":23,"column":19}},"9":{"start":{"line":24,"column":12},"end":{"line":24,"column":16}},"10":{"start":{"line":25,"column":12},"end":{"line":25,"column":25}},"11":{"start":{"line":26,"column":12},"end":{"line":26,"column":31}},"12":{"start":{"line":27,"column":12},"end":{"line":27,"column":28}},"13":{"start":{"line":28,"column":12},"end":{"line":28,"column":28}},"14":{"start":{"line":29,"column":12},"end":{"line":29,"column":20}},"15":{"start":{"line":17,"column":9},"end":{"line":17,"column":35}},"16":{"start":{"line":19,"column":9},"end":{"line":19,"column":47}},"17":{"start":{"line":34,"column":4},"end":{"line":36,"column":null}},"18":{"start":{"line":35,"column":6},"end":{"line":35,"column":42}},"19":{"start":{"line":37,"column":16},"end":{"line":37,"column":31}},"20":{"start":{"line":38,"column":4},"end":{"line":46,"column":null}},"21":{"start":{"line":39,"column":6},"end":{"line":39,"column":27}},"22":{"start":{"line":40,"column":6},"end":{"line":40,"column":56}},"23":{"start":{"line":41,"column":6},"end":{"line":43,"column":65}},"24":{"start":{"line":43,"column":41},"end":{"line":43,"column":63}},"25":{"start":{"line":45,"column":6},"end":{"line":45,"column":22}},"26":{"start":{"line":50,"column":20},"end":{"line":50,"column":54}},"27":{"start":{"line":52,"column":4},"end":{"line":60,"column":null}},"28":{"start":{"line":53,"column":6},"end":{"line":55,"column":71}},"29":{"start":{"line":55,"column":35},"end":{"line":55,"column":69}},"30":{"start":{"line":57,"column":6},"end":{"line":59,"column":71}},"31":{"start":{"line":59,"column":35},"end":{"line":59,"column":69}},"32":{"start":{"line":64,"column":4},"end":{"line":84,"column":7}},"33":{"start":{"line":88,"column":4},"end":{"line":88,"column":64}},"34":{"start":{"line":89,"column":4},"end":{"line":89,"column":39}},"35":{"start":{"line":15,"column":13},"end":{"line":91,"column":null}},"36":{"start":{"line":15,"column":13},"end":{"line":15,"column":26}}},"fnMap":{"0":{"name":"(anonymous_0)","decl":{"start":{"line":22,"column":2},"end":{"line":22,"column":null}},"loc":{"start":{"line":29,"column":26},"end":{"line":31,"column":3}}},"1":{"name":"(anonymous_1)","decl":{"start":{"line":33,"column":9},"end":{"line":33,"column":17}},"loc":{"start":{"line":33,"column":17},"end":{"line":47,"column":3}}},"2":{"name":"(anonymous_2)","decl":{"start":{"line":43,"column":19},"end":{"line":43,"column":20}},"loc":{"start":{"line":43,"column":41},"end":{"line":43,"column":63}}},"3":{"name":"(anonymous_3)","decl":{"start":{"line":49,"column":9},"end":{"line":49,"column":15}},"loc":{"start":{"line":49,"column":15},"end":{"line":61,"column":3}}},"4":{"name":"(anonymous_4)","decl":{"start":{"line":55,"column":19},"end":{"line":55,"column":20}},"loc":{"start":{"line":55,"column":35},"end":{"line":55,"column":69}}},"5":{"name":"(anonymous_5)","decl":{"start":{"line":59,"column":19},"end":{"line":59,"column":20}},"loc":{"start":{"line":59,"column":35},"end":{"line":59,"column":69}}},"6":{"name":"(anonymous_6)","decl":{"start":{"line":63,"column":10},"end":{"line":63,"column":18}},"loc":{"start":{"line":63,"column":36},"end":{"line":85,"column":3}}},"7":{"name":"(anonymous_7)","decl":{"start":{"line":87,"column":10},"end":{"line":87,"column":18}},"loc":{"start":{"line":87,"column":34},"end":{"line":90,"column":3}}}},"branchMap":{"0":{"loc":{"start":{"line":34,"column":4},"end":{"line":36,"column":null}},"type":"if","locations":[{"start":{"line":34,"column":4},"end":{"line":36,"column":null}}]},"1":{"loc":{"start":{"line":38,"column":4},"end":{"line":46,"column":null}},"type":"if","locations":[{"start":{"line":38,"column":4},"end":{"line":46,"column":null}},{"start":{"line":44,"column":11},"end":{"line":46,"column":null}}]},"2":{"loc":{"start":{"line":50,"column":20},"end":{"line":50,"column":54}},"type":"cond-expr","locations":[{"start":{"line":50,"column":36},"end":{"line":50,"column":38}},{"start":{"line":50,"column":36},"end":{"line":50,"column":54}}]},"3":{"loc":{"start":{"line":50,"column":20},"end":{"line":50,"column":38}},"type":"binary-expr","locations":[{"start":{"line":50,"column":20},"end":{"line":50,"column":38}},{"start":{"line":50,"column":36},"end":{"line":50,"column":38}}]},"4":{"loc":{"start":{"line":52,"column":4},"end":{"line":60,"column":null}},"type":"if","locations":[{"start":{"line":52,"column":4},"end":{"line":60,"column":null}},{"start":{"line":56,"column":11},"end":{"line":60,"column":null}}]},"5":{"loc":{"start":{"line":66,"column":8},"end":{"line":66,"column":35}},"type":"cond-expr","locations":[{"start":{"line":66,"column":18},"end":{"line":66,"column":30}},{"start":{"line":66,"column":33},"end":{"line":66,"column":35}}]},"6":{"loc":{"start":{"line":70,"column":8},"end":{"line":70,"column":73}},"type":"cond-expr","locations":[{"start":{"line":70,"column":18},"end":{"line":70,"column":68}},{"start":{"line":70,"column":71},"end":{"line":70,"column":73}}]},"7":{"loc":{"start":{"line":74,"column":8},"end":{"line":74,"column":41}},"type":"cond-expr","locations":[{"start":{"line":74,"column":18},"end":{"line":74,"column":36}},{"start":{"line":74,"column":39},"end":{"line":74,"column":41}}]},"8":{"loc":{"start":{"line":78,"column":8},"end":{"line":78,"column":42}},"type":"cond-expr","locations":[{"start":{"line":78,"column":18},"end":{"line":78,"column":37}},{"start":{"line":78,"column":40},"end":{"line":78,"column":42}}]}},"s":{"0":1,"1":1,"2":1,"3":1,"4":1,"5":1,"6":1,"7":1,"8":1,"9":1,"10":1,"11":1,"12":1,"13":1,"14":1,"15":1,"16":1,"17":1,"18":0,"19":1,"20":1,"21":0,"22":0,"23":0,"24":0,"25":1,"26":0,"27":0,"28":0,"29":0,"30":0,"31":0,"32":1,"33":0,"34":0,"35":1,"36":1},"f":{"0":1,"1":1,"2":0,"3":0,"4":0,"5":0,"6":1,"7":0},"b":{"0":[0],"1":[0,1],"2":[0,0],"3":[0,0],"4":[0,0],"5":[0,1],"6":[0,1],"7":[0,1],"8":[0,1]}}
,"C:\\Users\\hakim-pc\\Desktop\\Testez-une-application-full-stack\\front\\src\\app\\features\\sessions\\components\\list\\list.component.html": {"path":"C:\\Users\\hakim-pc\\Desktop\\Testez-une-application-full-stack\\front\\src\\app\\features\\sessions\\components\\list\\list.component.html","statementMap":{"0":{"start":{"line":1,"column":0},"end":{"line":1,"column":1749}}},"fnMap":{},"branchMap":{},"s":{"0":1},"f":{},"b":{},"_coverageSchema":"1a1c01bbd47fc00a2c39e90264f33305004495a9","hash":"3560f0b02b5fe1712ee5e2ebffec5bfc33e41832"}
,"C:\\Users\\hakim-pc\\Desktop\\Testez-une-application-full-stack\\front\\src\\app\\features\\sessions\\components\\list\\list.component.ts": {"path":"C:\\Users\\hakim-pc\\Desktop\\Testez-une-application-full-stack\\front\\src\\app\\features\\sessions\\components\\list\\list.component.ts","statementMap":{"0":{"start":{"line":1,"column":0},"end":{"line":1,"column":42}},"1":{"start":{"line":4,"column":0},"end":{"line":4,"column":9}},"2":{"start":{"line":6,"column":0},"end":{"line":6,"column":9}},"3":{"start":{"line":13,"column":26},"end":{"line":25,"column":null}},"4":{"start":{"line":18,"column":12},"end":{"line":18,"column":28}},"5":{"start":{"line":19,"column":12},"end":{"line":19,"column":31}},"6":{"start":{"line":15,"column":9},"end":{"line":15,"column":73}},"7":{"start":{"line":23,"column":4},"end":{"line":23,"column":50}},"8":{"start":{"line":13,"column":13},"end":{"line":25,"column":null}},"9":{"start":{"line":13,"column":13},"end":{"line":13,"column":26}}},"fnMap":{"0":{"name":"(anonymous_0)","decl":{"start":{"line":17,"column":2},"end":{"line":17,"column":null}},"loc":{"start":{"line":19,"column":48},"end":{"line":20,"column":7}}},"1":{"name":"(anonymous_1)","decl":{"start":{"line":22,"column":2},"end":{"line":22,"column":6}},"loc":{"start":{"line":22,"column":10},"end":{"line":24,"column":3}}}},"branchMap":{},"s":{"0":1,"1":1,"2":1,"3":1,"4":2,"5":2,"6":2,"7":5,"8":1,"9":1},"f":{"0":2,"1":5},"b":{}}
,"C:\\Users\\hakim-pc\\Desktop\\Testez-une-application-full-stack\\front\\src\\app\\features\\sessions\\services\\session-api.service.ts": {"path":"C:\\Users\\hakim-pc\\Desktop\\Testez-une-application-full-stack\\front\\src\\app\\features\\sessions\\services\\session-api.service.ts","statementMap":{"0":{"start":{"line":1,"column":0},"end":{"line":1,"column":9}},"1":{"start":{"line":2,"column":0},"end":{"line":2,"column":43}},"2":{"start":{"line":9,"column":30},"end":{"line":44,"column":null}},"3":{"start":{"line":13,"column":22},"end":{"line":13,"column":34}},"4":{"start":{"line":11,"column":10},"end":{"line":11,"column":38}},"5":{"start":{"line":17,"column":4},"end":{"line":17,"column":60}},"6":{"start":{"line":21,"column":4},"end":{"line":21,"column":69}},"7":{"start":{"line":25,"column":4},"end":{"line":25,"column":63}},"8":{"start":{"line":29,"column":4},"end":{"line":29,"column":68}},"9":{"start":{"line":33,"column":4},"end":{"line":33,"column":78}},"10":{"start":{"line":37,"column":4},"end":{"line":37,"column":95}},"11":{"start":{"line":41,"column":4},"end":{"line":41,"column":91}},"12":{"start":{"line":9,"column":13},"end":{"line":44,"column":null}},"13":{"start":{"line":9,"column":13},"end":{"line":9,"column":30}}},"fnMap":{"0":{"name":"(anonymous_0)","decl":{"start":{"line":13,"column":2},"end":{"line":13,"column":22}},"loc":{"start":{"line":13,"column":44},"end":{"line":14,"column":3}}},"1":{"name":"(anonymous_1)","decl":{"start":{"line":16,"column":9},"end":{"line":16,"column":12}},"loc":{"start":{"line":16,"column":12},"end":{"line":18,"column":3}}},"2":{"name":"(anonymous_2)","decl":{"start":{"line":20,"column":9},"end":{"line":20,"column":15}},"loc":{"start":{"line":20,"column":26},"end":{"line":22,"column":3}}},"3":{"name":"(anonymous_3)","decl":{"start":{"line":24,"column":9},"end":{"line":24,"column":15}},"loc":{"start":{"line":24,"column":26},"end":{"line":26,"column":3}}},"4":{"name":"(anonymous_4)","decl":{"start":{"line":28,"column":9},"end":{"line":28,"column":15}},"loc":{"start":{"line":28,"column":32},"end":{"line":30,"column":3}}},"5":{"name":"(anonymous_5)","decl":{"start":{"line":32,"column":9},"end":{"line":32,"column":15}},"loc":{"start":{"line":32,"column":44},"end":{"line":34,"column":3}}},"6":{"name":"(anonymous_6)","decl":{"start":{"line":36,"column":9},"end":{"line":36,"column":20}},"loc":{"start":{"line":36,"column":47},"end":{"line":38,"column":3}}},"7":{"name":"(anonymous_7)","decl":{"start":{"line":40,"column":9},"end":{"line":40,"column":22}},"loc":{"start":{"line":40,"column":49},"end":{"line":42,"column":3}}}},"branchMap":{},"s":{"0":5,"1":5,"2":5,"3":12,"4":12,"5":3,"6":2,"7":1,"8":1,"9":1,"10":1,"11":1,"12":5,"13":5},"f":{"0":12,"1":3,"2":2,"3":1,"4":1,"5":1,"6":1,"7":1},"b":{}}
,"C:\\Users\\hakim-pc\\Desktop\\Testez-une-application-full-stack\\front\\src\\app\\services\\session.service.ts": {"path":"C:\\Users\\hakim-pc\\Desktop\\Testez-une-application-full-stack\\front\\src\\app\\services\\session.service.ts","statementMap":{"0":{"start":{"line":1,"column":0},"end":{"line":1,"column":43}},"1":{"start":{"line":2,"column":0},"end":{"line":2,"column":51}},"2":{"start":{"line":8,"column":27},"end":{"line":34,"column":null}},"3":{"start":{"line":10,"column":9},"end":{"line":10,"column":26}},"4":{"start":{"line":13,"column":10},"end":{"line":13,"column":72}},"5":{"start":{"line":16,"column":4},"end":{"line":16,"column":47}},"6":{"start":{"line":20,"column":4},"end":{"line":20,"column":35}},"7":{"start":{"line":21,"column":4},"end":{"line":21,"column":25}},"8":{"start":{"line":22,"column":4},"end":{"line":22,"column":16}},"9":{"start":{"line":26,"column":4},"end":{"line":26,"column":40}},"10":{"start":{"line":27,"column":4},"end":{"line":27,"column":26}},"11":{"start":{"line":28,"column":4},"end":{"line":28,"column":16}},"12":{"start":{"line":32,"column":4},"end":{"line":32,"column":45}},"13":{"start":{"line":8,"column":13},"end":{"line":34,"column":null}},"14":{"start":{"line":8,"column":13},"end":{"line":8,"column":27}}},"fnMap":{"0":{"name":"(anonymous_1)","decl":{"start":{"line":15,"column":9},"end":{"line":15,"column":18}},"loc":{"start":{"line":15,"column":18},"end":{"line":17,"column":3}}},"1":{"name":"(anonymous_2)","decl":{"start":{"line":19,"column":9},"end":{"line":19,"column":14}},"loc":{"start":{"line":19,"column":39},"end":{"line":23,"column":3}}},"2":{"name":"(anonymous_3)","decl":{"start":{"line":25,"column":9},"end":{"line":25,"column":15}},"loc":{"start":{"line":25,"column":15},"end":{"line":29,"column":3}}},"3":{"name":"(anonymous_4)","decl":{"start":{"line":31,"column":10},"end":{"line":31,"column":14}},"loc":{"start":{"line":31,"column":14},"end":{"line":33,"column":3}}}},"branchMap":{},"s":{"0":7,"1":7,"2":7,"3":9,"4":9,"5":1,"6":1,"7":1,"8":1,"9":1,"10":1,"11":1,"12":2,"13":7,"14":7},"f":{"0":1,"1":1,"2":1,"3":2},"b":{}}
,"C:\\Users\\hakim-pc\\Desktop\\Testez-une-application-full-stack\\front\\src\\app\\services\\teacher.service.ts": {"path":"C:\\Users\\hakim-pc\\Desktop\\Testez-une-application-full-stack\\front\\src\\app\\services\\teacher.service.ts","statementMap":{"0":{"start":{"line":1,"column":0},"end":{"line":1,"column":9}},"1":{"start":{"line":2,"column":0},"end":{"line":2,"column":43}},"2":{"start":{"line":9,"column":27},"end":{"line":22,"column":null}},"3":{"start":{"line":13,"column":22},"end":{"line":13,"column":34}},"4":{"start":{"line":11,"column":10},"end":{"line":11,"column":38}},"5":{"start":{"line":16,"column":4},"end":{"line":16,"column":60}},"6":{"start":{"line":20,"column":4},"end":{"line":20,"column":69}},"7":{"start":{"line":9,"column":13},"end":{"line":22,"column":null}},"8":{"start":{"line":9,"column":13},"end":{"line":9,"column":27}}},"fnMap":{"0":{"name":"(anonymous_0)","decl":{"start":{"line":13,"column":2},"end":{"line":13,"column":22}},"loc":{"start":{"line":13,"column":44},"end":{"line":13,"column":49}}},"1":{"name":"(anonymous_1)","decl":{"start":{"line":15,"column":9},"end":{"line":15,"column":12}},"loc":{"start":{"line":15,"column":12},"end":{"line":17,"column":3}}},"2":{"name":"(anonymous_2)","decl":{"start":{"line":19,"column":9},"end":{"line":19,"column":15}},"loc":{"start":{"line":19,"column":26},"end":{"line":21,"column":3}}}},"branchMap":{},"s":{"0":3,"1":3,"2":3,"3":5,"4":5,"5":2,"6":1,"7":3,"8":3},"f":{"0":5,"1":2,"2":1},"b":{}}
,"C:\\Users\\hakim-pc\\Desktop\\Testez-une-application-full-stack\\front\\src\\app\\services\\user.service.ts": {"path":"C:\\Users\\hakim-pc\\Desktop\\Testez-une-application-full-stack\\front\\src\\app\\services\\user.service.ts","statementMap":{"0":{"start":{"line":1,"column":0},"end":{"line":1,"column":9}},"1":{"start":{"line":2,"column":0},"end":{"line":2,"column":43}},"2":{"start":{"line":9,"column":24},"end":{"line":22,"column":null}},"3":{"start":{"line":13,"column":22},"end":{"line":13,"column":34}},"4":{"start":{"line":11,"column":10},"end":{"line":11,"column":35}},"5":{"start":{"line":16,"column":4},"end":{"line":16,"column":66}},"6":{"start":{"line":20,"column":4},"end":{"line":20,"column":63}},"7":{"start":{"line":9,"column":13},"end":{"line":22,"column":null}},"8":{"start":{"line":9,"column":13},"end":{"line":9,"column":24}}},"fnMap":{"0":{"name":"(anonymous_0)","decl":{"start":{"line":13,"column":2},"end":{"line":13,"column":22}},"loc":{"start":{"line":13,"column":44},"end":{"line":13,"column":49}}},"1":{"name":"(anonymous_1)","decl":{"start":{"line":15,"column":9},"end":{"line":15,"column":16}},"loc":{"start":{"line":15,"column":27},"end":{"line":17,"column":3}}},"2":{"name":"(anonymous_2)","decl":{"start":{"line":19,"column":9},"end":{"line":19,"column":15}},"loc":{"start":{"line":19,"column":26},"end":{"line":21,"column":3}}}},"branchMap":{},"s":{"0":2,"1":2,"2":2,"3":4,"4":4,"5":3,"6":0,"7":2,"8":2},"f":{"0":4,"1":3,"2":0},"b":{}}
}
